2017-12-03 22:32:11,707 ERROR BER:1/12 #8
2017-12-03 22:32:11,709 INFO # 1 err: 0 BER:1/12 >8 False
2017-12-03 22:32:11,709 INFO # 2 err: 0 BER:1/12 >8 False
2017-12-03 22:32:11,709 INFO # 3 err: 0 BER:1/12 >8 False
2017-12-03 22:32:11,709 INFO # 4 err: 0 BER:1/12 >8 False
2017-12-03 22:32:11,710 INFO # 5 err: 0 BER:1/12 >8 False
2017-12-03 22:32:11,710 INFO # 6 err: 0 BER:1/12 >8 False
2017-12-03 22:32:11,710 INFO # 7 err: 0 BER:1/12 >8 False
2017-12-03 22:32:11,711 INFO # 8 err: 1 BER:1/12 >8 True
2017-12-03 22:32:11,712 INFO # 9 err: 1 BER:1/12 >8 False
2017-12-03 22:32:11,712 INFO # 10 err: 1 BER:1/12 >8 False
2017-12-03 22:32:11,713 ERROR BER:1/12 #5
2017-12-03 22:32:11,713 INFO # 11 err: 1 BER:1/12 >5 False
2017-12-03 22:32:11,714 INFO # 12 err: 1 BER:1/12 >5 False
2017-12-03 22:32:11,714 INFO # 13 err: 1 BER:1/12 >5 False
2017-12-03 22:32:11,714 INFO # 14 err: 1 BER:1/12 >5 False
2017-12-03 22:32:11,714 INFO # 15 err: 1 BER:1/12 >5 False
2017-12-03 22:32:11,715 INFO # 16 err: 1 BER:1/12 >5 False
2017-12-03 22:32:11,715 INFO # 17 err: 2 BER:1/12 >5 True
2017-12-03 22:32:11,736 INFO # 18 err: 2 BER:1/12 >5 False
2017-12-03 22:32:11,737 INFO # 19 err: 2 BER:1/12 >5 False
2017-12-03 22:32:11,737 INFO # 20 err: 2 BER:1/12 >5 False
2017-12-03 22:32:11,737 INFO # 21 err: 2 BER:1/12 >5 False
2017-12-03 22:32:11,738 INFO # 22 err: 2 BER:1/12 >5 False
2017-12-03 22:32:11,739 ERROR BER:1/12 #7
2017-12-03 22:32:11,740 INFO # 23 err: 2 BER:1/12 >7 False
2017-12-03 22:32:11,740 INFO # 24 err: 2 BER:1/12 >7 False
2017-12-03 22:32:11,741 INFO # 25 err: 2 BER:1/12 >7 False
2017-12-03 22:32:11,742 INFO # 26 err: 2 BER:1/12 >7 False
2017-12-03 22:32:11,743 INFO # 27 err: 2 BER:1/12 >7 False
2017-12-03 22:32:11,743 INFO # 28 err: 2 BER:1/12 >7 False
2017-12-03 22:32:11,743 INFO # 29 err: 2 BER:1/12 >7 False
2017-12-03 22:32:11,743 INFO # 30 err: 2 BER:1/12 >7 False
2017-12-03 22:32:11,744 INFO # 31 err: 3 BER:1/12 >7 True
2017-12-03 22:32:11,753 INFO # 32 err: 3 BER:1/12 >7 False
2017-12-03 22:32:11,754 INFO # 33 err: 3 BER:1/12 >7 False
2017-12-03 22:32:11,754 INFO # 34 err: 3 BER:1/12 >7 False
2017-12-03 22:32:11,755 ERROR BER:1/12 #2
2017-12-03 22:32:11,755 INFO # 35 err: 3 BER:1/12 >2 False
2017-12-03 22:32:11,755 INFO # 36 err: 3 BER:1/12 >2 False
2017-12-03 22:32:11,756 INFO # 37 err: 3 BER:1/12 >2 False
2017-12-03 22:32:11,760 INFO # 38 err: 4 BER:1/12 >2 True
2017-12-03 22:32:11,765 INFO # 39 err: 4 BER:1/12 >2 False
2017-12-03 22:32:11,766 INFO # 40 err: 4 BER:1/12 >2 False
2017-12-03 22:32:11,766 INFO # 41 err: 4 BER:1/12 >2 False
2017-12-03 22:32:11,766 INFO # 42 err: 4 BER:1/12 >2 False
2017-12-03 22:32:11,767 INFO # 43 err: 4 BER:1/12 >2 False
2017-12-03 22:32:11,767 INFO # 44 err: 4 BER:1/12 >2 False
2017-12-03 22:32:11,767 INFO # 45 err: 4 BER:1/12 >2 False
2017-12-03 22:32:11,767 INFO # 46 err: 4 BER:1/12 >2 False
2017-12-03 22:32:11,771 ERROR BER:1/12 #12
2017-12-03 22:32:11,772 INFO # 47 err: 4 BER:1/12 >12 False
2017-12-03 22:32:11,772 INFO # 48 err: 4 BER:1/12 >12 False
2017-12-03 22:32:11,773 INFO # 49 err: 4 BER:1/12 >12 False
2017-12-03 22:32:11,773 INFO # 50 err: 4 BER:1/12 >12 False
2017-12-03 22:32:11,773 INFO # 51 err: 4 BER:1/12 >12 False
2017-12-03 22:32:11,774 INFO # 52 err: 4 BER:1/12 >12 False
2017-12-03 22:32:11,774 INFO # 53 err: 4 BER:1/12 >12 False
2017-12-03 22:32:11,774 INFO # 54 err: 4 BER:1/12 >12 False
2017-12-03 22:32:11,774 INFO # 55 err: 4 BER:1/12 >12 False
2017-12-03 22:32:11,775 INFO # 56 err: 4 BER:1/12 >12 False
2017-12-03 22:32:11,775 INFO # 57 err: 4 BER:1/12 >12 False
2017-12-03 22:32:11,775 INFO # 58 err: 4 BER:1/12 >12 False
2017-12-03 22:32:11,776 ERROR BER:1/12 #1
2017-12-03 22:32:11,776 INFO # 59 err: 4 BER:1/12 >1 False
2017-12-03 22:32:11,777 INFO # 60 err: 4 BER:1/12 >1 False
2017-12-03 22:32:11,777 INFO # 61 err: 5 BER:1/12 >1 True
2017-12-03 22:32:11,778 INFO # 62 err: 5 BER:1/12 >1 False
2017-12-03 22:32:11,779 INFO # 63 err: 5 BER:1/12 >1 False
2017-12-03 22:32:11,779 INFO # 64 err: 5 BER:1/12 >1 False
2017-12-03 22:32:11,779 INFO # 65 err: 5 BER:1/12 >1 False
2017-12-03 22:32:11,780 INFO # 66 err: 5 BER:1/12 >1 False
2017-12-03 22:32:11,780 INFO # 67 err: 5 BER:1/12 >1 False
2017-12-03 22:32:11,781 INFO # 68 err: 5 BER:1/12 >1 False
2017-12-03 22:32:11,781 INFO # 69 err: 5 BER:1/12 >1 False
2017-12-03 22:32:11,781 INFO # 70 err: 5 BER:1/12 >1 False
2017-12-03 22:32:11,782 ERROR BER:1/12 #8
2017-12-03 22:32:11,782 INFO # 71 err: 5 BER:1/12 >8 False
2017-12-03 22:32:11,783 INFO # 72 err: 5 BER:1/12 >8 False
2017-12-03 22:32:11,783 INFO # 73 err: 5 BER:1/12 >8 False
2017-12-03 22:32:11,783 INFO # 74 err: 5 BER:1/12 >8 False
2017-12-03 22:32:11,783 INFO # 75 err: 5 BER:1/12 >8 False
2017-12-03 22:32:11,784 INFO # 76 err: 5 BER:1/12 >8 False
2017-12-03 22:32:11,784 INFO # 77 err: 5 BER:1/12 >8 False
2017-12-03 22:32:11,784 INFO # 78 err: 5 BER:1/12 >8 False
2017-12-03 22:32:11,784 INFO # 79 err: 5 BER:1/12 >8 False
2017-12-03 22:32:11,785 INFO # 80 err: 6 BER:1/12 >8 True
2017-12-03 22:32:11,786 INFO # 81 err: 6 BER:1/12 >8 False
2017-12-03 22:32:11,786 INFO # 82 err: 6 BER:1/12 >8 False
2017-12-03 22:32:11,787 ERROR BER:1/12 #12
2017-12-03 22:32:11,787 INFO # 83 err: 6 BER:1/12 >12 False
2017-12-03 22:32:11,787 INFO # 84 err: 6 BER:1/12 >12 False
2017-12-03 22:32:11,788 INFO # 85 err: 6 BER:1/12 >12 False
2017-12-03 22:32:11,788 INFO # 86 err: 6 BER:1/12 >12 False
2017-12-03 22:32:11,789 INFO # 87 err: 6 BER:1/12 >12 False
2017-12-03 22:32:11,789 INFO # 88 err: 6 BER:1/12 >12 False
2017-12-03 22:32:11,789 INFO # 89 err: 6 BER:1/12 >12 False
2017-12-03 22:32:11,790 INFO # 90 err: 6 BER:1/12 >12 False
2017-12-03 22:32:11,790 INFO # 91 err: 6 BER:1/12 >12 False
2017-12-03 22:32:11,790 INFO # 92 err: 6 BER:1/12 >12 False
2017-12-03 22:32:11,790 INFO # 93 err: 6 BER:1/12 >12 False
2017-12-03 22:32:11,791 INFO # 94 err: 6 BER:1/12 >12 False
2017-12-03 22:32:11,792 ERROR BER:1/12 #4
2017-12-03 22:32:11,792 INFO # 95 err: 6 BER:1/12 >4 False
2017-12-03 22:32:11,793 INFO # 96 err: 6 BER:1/12 >4 False
2017-12-03 22:32:11,793 INFO # 97 err: 6 BER:1/12 >4 False
2017-12-03 22:32:11,793 INFO # 98 err: 6 BER:1/12 >4 False
2017-12-03 22:32:11,794 INFO # 99 err: 6 BER:1/12 >4 False
2017-12-03 22:32:11,794 INFO # 100 err: 7 BER:1/12 >4 True
2017-12-03 22:32:11,794 INFO # 101 err: 7 BER:1/12 >4 False
2017-12-03 22:32:11,795 INFO # 102 err: 7 BER:1/12 >4 False
2017-12-03 22:32:11,795 INFO # 103 err: 7 BER:1/12 >4 False
2017-12-03 22:32:11,796 INFO # 104 err: 7 BER:1/12 >4 False
2017-12-03 22:32:11,796 INFO # 105 err: 7 BER:1/12 >4 False
2017-12-03 22:32:11,797 INFO # 106 err: 7 BER:1/12 >4 False
2017-12-03 22:32:11,798 ERROR BER:1/12 #6
2017-12-03 22:32:11,799 INFO # 107 err: 7 BER:1/12 >6 False
2017-12-03 22:32:11,799 INFO # 108 err: 7 BER:1/12 >6 False
2017-12-03 22:32:11,800 INFO # 109 err: 7 BER:1/12 >6 False
2017-12-03 22:32:11,800 INFO # 110 err: 7 BER:1/12 >6 False
2017-12-03 22:32:11,800 INFO # 111 err: 7 BER:1/12 >6 False
2017-12-03 22:32:11,801 INFO # 112 err: 7 BER:1/12 >6 False
2017-12-03 22:32:11,801 INFO # 113 err: 7 BER:1/12 >6 False
2017-12-03 22:32:11,801 INFO # 114 err: 8 BER:1/12 >6 True
2017-12-03 22:32:11,802 INFO # 115 err: 8 BER:1/12 >6 False
2017-12-03 22:32:11,802 INFO # 116 err: 8 BER:1/12 >6 False
2017-12-03 22:32:11,803 INFO # 117 err: 8 BER:1/12 >6 False
2017-12-03 22:32:11,803 INFO # 118 err: 8 BER:1/12 >6 False
2017-12-03 22:32:11,804 ERROR BER:1/12 #2
2017-12-03 22:32:11,804 INFO # 119 err: 8 BER:1/12 >2 False
2017-12-03 22:32:11,805 INFO # 120 err: 8 BER:1/12 >2 False
2017-12-03 22:32:11,805 INFO # 121 err: 8 BER:1/12 >2 False
2017-12-03 22:32:11,806 INFO # 122 err: 9 BER:1/12 >2 True
2017-12-03 22:32:11,806 INFO # 123 err: 9 BER:1/12 >2 False
2017-12-03 22:32:11,807 INFO # 124 err: 9 BER:1/12 >2 False
2017-12-03 22:32:11,807 INFO # 125 err: 9 BER:1/12 >2 False
2017-12-03 22:32:11,808 INFO # 126 err: 9 BER:1/12 >2 False
2017-12-03 22:32:11,808 INFO # 127 err: 9 BER:1/12 >2 False
2017-12-03 22:32:11,808 INFO # 128 err: 9 BER:1/12 >2 False
2017-12-03 22:32:11,809 INFO # 129 err: 9 BER:1/12 >2 False
2017-12-03 22:32:11,810 INFO # 130 err: 9 BER:1/12 >2 False
2017-12-03 22:32:11,811 ERROR BER:1/12 #2
2017-12-03 22:32:11,811 INFO # 131 err: 9 BER:1/12 >2 False
2017-12-03 22:32:11,815 INFO # 132 err: 9 BER:1/12 >2 False
2017-12-03 22:32:11,816 INFO # 133 err: 9 BER:1/12 >2 False
2017-12-03 22:32:11,816 INFO # 134 err: 10 BER:1/12 >2 True
2017-12-03 22:32:11,823 INFO # 135 err: 10 BER:1/12 >2 False
2017-12-03 22:32:11,823 INFO # 136 err: 10 BER:1/12 >2 False
2017-12-03 22:32:11,823 INFO # 137 err: 10 BER:1/12 >2 False
2017-12-03 22:32:11,824 INFO # 138 err: 10 BER:1/12 >2 False
2017-12-03 22:32:11,824 INFO # 139 err: 10 BER:1/12 >2 False
2017-12-03 22:32:11,824 INFO # 140 err: 10 BER:1/12 >2 False
2017-12-03 22:32:11,825 INFO # 141 err: 10 BER:1/12 >2 False
2017-12-03 22:32:11,825 INFO # 142 err: 10 BER:1/12 >2 False
2017-12-03 22:32:11,826 ERROR BER:1/12 #2
2017-12-03 22:32:11,827 INFO # 143 err: 10 BER:1/12 >2 False
2017-12-03 22:32:11,828 INFO # 144 err: 10 BER:1/12 >2 False
2017-12-03 22:32:11,828 INFO # 145 err: 10 BER:1/12 >2 False
2017-12-03 22:32:11,830 INFO # 146 err: 11 BER:1/12 >2 True
2017-12-03 22:32:11,851 INFO # 147 err: 11 BER:1/12 >2 False
2017-12-03 22:32:11,852 INFO # 148 err: 11 BER:1/12 >2 False
2017-12-03 22:32:11,852 INFO # 149 err: 11 BER:1/12 >2 False
2017-12-03 22:32:11,852 INFO # 150 err: 11 BER:1/12 >2 False
2017-12-03 22:32:11,853 INFO # 151 err: 11 BER:1/12 >2 False
2017-12-03 22:32:11,853 INFO # 152 err: 11 BER:1/12 >2 False
2017-12-03 22:32:11,854 INFO # 153 err: 11 BER:1/12 >2 False
2017-12-03 22:32:11,854 INFO # 154 err: 11 BER:1/12 >2 False
2017-12-03 22:32:11,855 ERROR BER:1/12 #4
2017-12-03 22:32:11,855 INFO # 155 err: 11 BER:1/12 >4 False
2017-12-03 22:32:11,856 INFO # 156 err: 11 BER:1/12 >4 False
2017-12-03 22:32:11,856 INFO # 157 err: 11 BER:1/12 >4 False
2017-12-03 22:32:11,856 INFO # 158 err: 11 BER:1/12 >4 False
2017-12-03 22:32:11,857 INFO # 159 err: 11 BER:1/12 >4 False
2017-12-03 22:32:11,857 INFO # 160 err: 12 BER:1/12 >4 True
2017-12-03 22:32:11,858 INFO # 161 err: 12 BER:1/12 >4 False
2017-12-03 22:32:11,858 INFO # 162 err: 12 BER:1/12 >4 False
2017-12-03 22:32:11,859 INFO # 163 err: 12 BER:1/12 >4 False
2017-12-03 22:32:11,859 INFO # 164 err: 12 BER:1/12 >4 False
2017-12-03 22:32:11,860 INFO # 165 err: 12 BER:1/12 >4 False
2017-12-03 22:32:11,860 INFO # 166 err: 12 BER:1/12 >4 False
2017-12-03 22:32:11,863 ERROR BER:1/12 #9
2017-12-03 22:32:11,864 INFO # 167 err: 12 BER:1/12 >9 False
2017-12-03 22:32:11,864 INFO # 168 err: 12 BER:1/12 >9 False
2017-12-03 22:32:11,864 INFO # 169 err: 12 BER:1/12 >9 False
2017-12-03 22:32:11,864 INFO # 170 err: 12 BER:1/12 >9 False
2017-12-03 22:32:11,865 INFO # 171 err: 12 BER:1/12 >9 False
2017-12-03 22:32:11,865 INFO # 172 err: 12 BER:1/12 >9 False
2017-12-03 22:32:11,866 INFO # 173 err: 12 BER:1/12 >9 False
2017-12-03 22:32:11,866 INFO # 174 err: 12 BER:1/12 >9 False
2017-12-03 22:32:11,866 INFO # 175 err: 12 BER:1/12 >9 False
2017-12-03 22:32:11,866 INFO # 176 err: 12 BER:1/12 >9 False
2017-12-03 22:32:11,867 INFO # 177 err: 13 BER:1/12 >9 True
2017-12-03 22:32:11,868 INFO # 178 err: 13 BER:1/12 >9 False
2017-12-03 22:32:11,869 ERROR BER:1/12 #4
2017-12-03 22:32:11,869 INFO # 179 err: 13 BER:1/12 >4 False
2017-12-03 22:32:11,870 INFO # 180 err: 13 BER:1/12 >4 False
2017-12-03 22:32:11,870 INFO # 181 err: 13 BER:1/12 >4 False
2017-12-03 22:32:11,870 INFO # 182 err: 13 BER:1/12 >4 False
2017-12-03 22:32:11,871 INFO # 183 err: 13 BER:1/12 >4 False
2017-12-03 22:32:11,871 INFO # 184 err: 14 BER:1/12 >4 True
2017-12-03 22:32:11,873 INFO # 185 err: 14 BER:1/12 >4 False
2017-12-03 22:32:11,874 INFO # 186 err: 14 BER:1/12 >4 False
2017-12-03 22:32:11,874 INFO # 187 err: 14 BER:1/12 >4 False
2017-12-03 22:32:11,875 INFO # 188 err: 14 BER:1/12 >4 False
2017-12-03 22:32:11,875 INFO # 189 err: 14 BER:1/12 >4 False
2017-12-03 22:32:11,875 INFO # 190 err: 14 BER:1/12 >4 False
2017-12-03 22:32:11,876 ERROR BER:1/12 #8
2017-12-03 22:32:11,876 INFO # 191 err: 14 BER:1/12 >8 False
2017-12-03 22:32:11,877 INFO # 192 err: 14 BER:1/12 >8 False
2017-12-03 22:32:11,877 INFO # 193 err: 14 BER:1/12 >8 False
2017-12-03 22:32:11,878 INFO # 194 err: 14 BER:1/12 >8 False
2017-12-03 22:32:11,879 INFO # 195 err: 14 BER:1/12 >8 False
2017-12-03 22:32:11,880 INFO # 196 err: 14 BER:1/12 >8 False
2017-12-03 22:32:11,880 INFO # 197 err: 14 BER:1/12 >8 False
2017-12-03 22:32:11,880 INFO # 198 err: 14 BER:1/12 >8 False
2017-12-03 22:32:11,880 INFO # 199 err: 14 BER:1/12 >8 False
2017-12-03 22:32:11,881 INFO # 200 err: 15 BER:1/12 >8 True
2017-12-03 22:32:11,883 INFO # 201 err: 15 BER:1/12 >8 False
2017-12-03 22:32:11,884 INFO # 202 err: 15 BER:1/12 >8 False
2017-12-03 22:32:11,884 ERROR BER:1/12 #4
2017-12-03 22:32:11,885 INFO # 203 err: 15 BER:1/12 >4 False
2017-12-03 22:32:11,885 INFO # 204 err: 15 BER:1/12 >4 False
2017-12-03 22:32:11,886 INFO # 205 err: 15 BER:1/12 >4 False
2017-12-03 22:32:11,886 INFO # 206 err: 15 BER:1/12 >4 False
2017-12-03 22:32:11,886 INFO # 207 err: 15 BER:1/12 >4 False
2017-12-03 22:32:11,886 INFO # 208 err: 16 BER:1/12 >4 True
2017-12-03 22:32:11,887 INFO # 209 err: 16 BER:1/12 >4 False
2017-12-03 22:32:11,887 INFO # 210 err: 16 BER:1/12 >4 False
2017-12-03 22:32:11,888 INFO # 211 err: 16 BER:1/12 >4 False
2017-12-03 22:32:11,888 INFO # 212 err: 16 BER:1/12 >4 False
2017-12-03 22:32:11,888 INFO # 213 err: 16 BER:1/12 >4 False
2017-12-03 22:32:11,888 INFO # 214 err: 16 BER:1/12 >4 False
2017-12-03 22:32:11,889 ERROR BER:1/12 #5
2017-12-03 22:32:11,890 INFO # 215 err: 16 BER:1/12 >5 False
2017-12-03 22:32:11,891 INFO # 216 err: 16 BER:1/12 >5 False
2017-12-03 22:32:11,891 INFO # 217 err: 16 BER:1/12 >5 False
2017-12-03 22:32:11,891 INFO # 218 err: 16 BER:1/12 >5 False
2017-12-03 22:32:11,892 INFO # 219 err: 16 BER:1/12 >5 False
2017-12-03 22:32:11,892 INFO # 220 err: 16 BER:1/12 >5 False
2017-12-03 22:32:11,893 INFO # 221 err: 17 BER:1/12 >5 True
2017-12-03 22:32:11,898 INFO # 222 err: 17 BER:1/12 >5 False
2017-12-03 22:32:11,898 INFO # 223 err: 17 BER:1/12 >5 False
2017-12-03 22:32:11,899 INFO # 224 err: 17 BER:1/12 >5 False
2017-12-03 22:32:11,899 INFO # 225 err: 17 BER:1/12 >5 False
2017-12-03 22:32:11,899 INFO # 226 err: 17 BER:1/12 >5 False
2017-12-03 22:32:11,900 ERROR BER:1/12 #1
2017-12-03 22:32:11,900 INFO # 227 err: 17 BER:1/12 >1 False
2017-12-03 22:32:11,901 INFO # 228 err: 17 BER:1/12 >1 False
2017-12-03 22:32:11,901 INFO # 229 err: 18 BER:1/12 >1 True
2017-12-03 22:32:11,902 INFO # 230 err: 18 BER:1/12 >1 False
2017-12-03 22:32:11,902 INFO # 231 err: 18 BER:1/12 >1 False
2017-12-03 22:32:11,902 INFO # 232 err: 18 BER:1/12 >1 False
2017-12-03 22:32:11,903 INFO # 233 err: 18 BER:1/12 >1 False
2017-12-03 22:32:11,904 INFO # 234 err: 18 BER:1/12 >1 False
2017-12-03 22:32:11,905 INFO # 235 err: 18 BER:1/12 >1 False
2017-12-03 22:32:11,905 INFO # 236 err: 18 BER:1/12 >1 False
2017-12-03 22:32:11,906 INFO # 237 err: 18 BER:1/12 >1 False
2017-12-03 22:32:11,906 INFO # 238 err: 18 BER:1/12 >1 False
2017-12-03 22:32:11,907 ERROR BER:1/12 #7
2017-12-03 22:32:11,907 INFO # 239 err: 18 BER:1/12 >7 False
2017-12-03 22:32:11,907 INFO # 240 err: 18 BER:1/12 >7 False
2017-12-03 22:32:11,907 INFO # 241 err: 18 BER:1/12 >7 False
2017-12-03 22:32:11,908 INFO # 242 err: 18 BER:1/12 >7 False
2017-12-03 22:32:11,908 INFO # 243 err: 18 BER:1/12 >7 False
2017-12-03 22:32:11,908 INFO # 244 err: 18 BER:1/12 >7 False
2017-12-03 22:32:11,908 INFO # 245 err: 18 BER:1/12 >7 False
2017-12-03 22:32:11,909 INFO # 246 err: 18 BER:1/12 >7 False
2017-12-03 22:32:11,909 INFO # 247 err: 19 BER:1/12 >7 True
2017-12-03 22:32:11,909 INFO # 248 err: 19 BER:1/12 >7 False
2017-12-03 22:32:11,910 INFO # 249 err: 19 BER:1/12 >7 False
2017-12-03 22:32:11,910 INFO # 250 err: 19 BER:1/12 >7 False
2017-12-03 22:32:11,911 ERROR BER:1/12 #1
2017-12-03 22:32:11,915 INFO # 251 err: 19 BER:1/12 >1 False
2017-12-03 22:32:11,915 INFO # 252 err: 19 BER:1/12 >1 False
2017-12-03 22:32:11,915 INFO # 253 err: 20 BER:1/12 >1 True
2017-12-03 22:32:11,916 INFO # 254 err: 20 BER:1/12 >1 False
2017-12-03 22:32:11,916 INFO # 255 err: 20 BER:1/12 >1 False
2017-12-03 22:32:11,917 INFO # 256 err: 20 BER:1/12 >1 False
2017-12-03 23:56:51,661 WARNING BER:1/12 #4
2017-12-03 23:56:51,663 INFO # 1 err: 0 BER:1/12 >4 False
2017-12-03 23:56:51,664 INFO # 2 err: 0 BER:1/12 >4 False
2017-12-03 23:56:51,665 INFO # 3 err: 0 BER:1/12 >4 False
2017-12-03 23:56:51,666 INFO # 4 err: 1 BER:1/12 >4 True
2017-12-03 23:56:51,667 INFO # 5 err: 1 BER:1/12 >4 False
2017-12-03 23:56:51,668 INFO # 6 err: 1 BER:1/12 >4 False
2017-12-03 23:56:51,669 INFO # 7 err: 1 BER:1/12 >4 False
2017-12-03 23:56:51,675 INFO # 8 err: 1 BER:1/12 >4 False
2017-12-03 23:56:51,676 INFO # 9 err: 1 BER:1/12 >4 False
2017-12-03 23:56:51,677 INFO # 10 err: 1 BER:1/12 >4 False
2017-12-03 23:56:51,678 WARNING BER:1/12 #1
2017-12-03 23:56:51,679 INFO # 11 err: 1 BER:1/12 >1 False
2017-12-03 23:56:51,680 INFO # 12 err: 1 BER:1/12 >1 False
2017-12-03 23:56:51,680 INFO # 13 err: 2 BER:1/12 >1 True
2017-12-03 23:56:51,681 INFO # 14 err: 2 BER:1/12 >1 False
2017-12-03 23:56:51,682 INFO # 15 err: 2 BER:1/12 >1 False
2017-12-03 23:56:51,689 INFO # 16 err: 2 BER:1/12 >1 False
2017-12-03 23:56:51,690 INFO # 17 err: 2 BER:1/12 >1 False
2017-12-03 23:56:51,691 INFO # 18 err: 2 BER:1/12 >1 False
2017-12-03 23:56:51,692 INFO # 19 err: 2 BER:1/12 >1 False
2017-12-03 23:56:51,693 INFO # 20 err: 2 BER:1/12 >1 False
2017-12-03 23:56:51,693 INFO # 21 err: 2 BER:1/12 >1 False
2017-12-03 23:56:51,695 INFO # 22 err: 2 BER:1/12 >1 False
2017-12-03 23:56:51,696 WARNING BER:1/12 #10
2017-12-03 23:56:51,696 INFO # 23 err: 2 BER:1/12 >10 False
2017-12-03 23:56:51,697 INFO # 24 err: 2 BER:1/12 >10 False
2017-12-03 23:56:51,704 INFO # 25 err: 2 BER:1/12 >10 False
2017-12-03 23:56:51,704 INFO # 26 err: 2 BER:1/12 >10 False
2017-12-03 23:56:51,705 INFO # 27 err: 2 BER:1/12 >10 False
2017-12-03 23:56:51,706 INFO # 28 err: 2 BER:1/12 >10 False
2017-12-03 23:56:51,707 INFO # 29 err: 2 BER:1/12 >10 False
2017-12-03 23:56:51,709 INFO # 30 err: 2 BER:1/12 >10 False
2017-12-03 23:56:51,710 INFO # 31 err: 2 BER:1/12 >10 False
2017-12-03 23:56:51,717 INFO # 32 err: 2 BER:1/12 >10 False
2017-12-03 23:56:51,719 INFO # 33 err: 2 BER:1/12 >10 False
2017-12-03 23:56:51,720 INFO # 34 err: 3 BER:1/12 >10 True
2017-12-03 23:56:51,722 WARNING BER:1/12 #1
2017-12-03 23:56:51,722 INFO # 35 err: 3 BER:1/12 >1 False
2017-12-03 23:56:51,723 INFO # 36 err: 3 BER:1/12 >1 False
2017-12-03 23:56:51,724 INFO # 37 err: 4 BER:1/12 >1 True
2017-12-03 23:56:51,725 INFO # 38 err: 4 BER:1/12 >1 False
2017-12-03 23:56:51,732 INFO # 39 err: 4 BER:1/12 >1 False
2017-12-03 23:56:51,733 INFO # 40 err: 4 BER:1/12 >1 False
2017-12-03 23:56:51,734 INFO # 41 err: 4 BER:1/12 >1 False
2017-12-03 23:56:51,736 INFO # 42 err: 4 BER:1/12 >1 False
2017-12-03 23:56:51,738 INFO # 43 err: 4 BER:1/12 >1 False
2017-12-03 23:56:51,744 INFO # 44 err: 4 BER:1/12 >1 False
2017-12-03 23:56:51,744 INFO # 45 err: 4 BER:1/12 >1 False
2017-12-03 23:56:51,745 INFO # 46 err: 4 BER:1/12 >1 False
2017-12-03 23:56:51,746 WARNING BER:1/12 #6
2017-12-03 23:56:51,747 INFO # 47 err: 4 BER:1/12 >6 False
2017-12-03 23:56:51,748 INFO # 48 err: 4 BER:1/12 >6 False
2017-12-03 23:56:51,749 INFO # 49 err: 4 BER:1/12 >6 False
2017-12-03 23:56:51,750 INFO # 50 err: 4 BER:1/12 >6 False
2017-12-03 23:56:51,751 INFO # 51 err: 4 BER:1/12 >6 False
2017-12-03 23:56:51,757 INFO # 52 err: 4 BER:1/12 >6 False
2017-12-03 23:56:51,758 INFO # 53 err: 4 BER:1/12 >6 False
2017-12-03 23:56:51,759 INFO # 54 err: 5 BER:1/12 >6 True
2017-12-03 23:56:51,761 INFO # 55 err: 5 BER:1/12 >6 False
2017-12-03 23:56:51,761 INFO # 56 err: 5 BER:1/12 >6 False
2017-12-03 23:56:51,762 INFO # 57 err: 5 BER:1/12 >6 False
2017-12-03 23:56:51,764 INFO # 58 err: 5 BER:1/12 >6 False
2017-12-03 23:56:51,766 WARNING BER:1/12 #3
2017-12-03 23:56:51,767 INFO # 59 err: 5 BER:1/12 >3 False
2017-12-03 23:56:51,772 INFO # 60 err: 5 BER:1/12 >3 False
2017-12-03 23:56:51,773 INFO # 61 err: 5 BER:1/12 >3 False
2017-12-03 23:56:51,774 INFO # 62 err: 5 BER:1/12 >3 False
2017-12-03 23:56:51,775 INFO # 63 err: 6 BER:1/12 >3 True
2017-12-03 23:56:51,775 INFO # 64 err: 6 BER:1/12 >3 False
2017-12-03 23:56:51,776 INFO # 65 err: 6 BER:1/12 >3 False
2017-12-03 23:56:51,777 INFO # 66 err: 6 BER:1/12 >3 False
2017-12-03 23:56:51,778 INFO # 67 err: 6 BER:1/12 >3 False
2017-12-03 23:56:51,780 INFO # 68 err: 6 BER:1/12 >3 False
2017-12-03 23:56:51,788 INFO # 69 err: 6 BER:1/12 >3 False
2017-12-03 23:56:51,789 INFO # 70 err: 6 BER:1/12 >3 False
2017-12-03 23:56:51,791 WARNING BER:1/12 #5
2017-12-03 23:56:51,791 INFO # 71 err: 6 BER:1/12 >5 False
2017-12-03 23:56:51,792 INFO # 72 err: 6 BER:1/12 >5 False
2017-12-03 23:56:51,793 INFO # 73 err: 6 BER:1/12 >5 False
2017-12-03 23:56:51,799 INFO # 74 err: 6 BER:1/12 >5 False
2017-12-03 23:56:51,800 INFO # 75 err: 6 BER:1/12 >5 False
2017-12-03 23:56:51,801 INFO # 76 err: 6 BER:1/12 >5 False
2017-12-03 23:56:51,802 INFO # 77 err: 7 BER:1/12 >5 True
2017-12-03 23:56:51,804 INFO # 78 err: 7 BER:1/12 >5 False
2017-12-03 23:56:51,804 INFO # 79 err: 7 BER:1/12 >5 False
2017-12-03 23:56:51,805 INFO # 80 err: 7 BER:1/12 >5 False
2017-12-03 23:56:51,806 INFO # 81 err: 7 BER:1/12 >5 False
2017-12-03 23:56:51,807 INFO # 82 err: 7 BER:1/12 >5 False
2017-12-03 23:56:51,814 WARNING BER:1/12 #2
2017-12-03 23:56:51,814 INFO # 83 err: 7 BER:1/12 >2 False
2017-12-03 23:56:51,815 INFO # 84 err: 7 BER:1/12 >2 False
2017-12-03 23:56:51,816 INFO # 85 err: 7 BER:1/12 >2 False
2017-12-03 23:56:51,819 INFO # 86 err: 8 BER:1/12 >2 True
2017-12-03 23:56:51,821 INFO # 87 err: 8 BER:1/12 >2 False
2017-12-03 23:56:51,827 INFO # 88 err: 8 BER:1/12 >2 False
2017-12-03 23:56:51,833 INFO # 89 err: 8 BER:1/12 >2 False
2017-12-03 23:56:51,840 INFO # 90 err: 8 BER:1/12 >2 False
2017-12-03 23:56:51,842 INFO # 91 err: 8 BER:1/12 >2 False
2017-12-03 23:56:51,843 INFO # 92 err: 8 BER:1/12 >2 False
2017-12-03 23:56:51,844 INFO # 93 err: 8 BER:1/12 >2 False
2017-12-03 23:56:51,845 INFO # 94 err: 8 BER:1/12 >2 False
2017-12-03 23:56:51,850 WARNING BER:1/12 #8
2017-12-03 23:56:51,851 INFO # 95 err: 8 BER:1/12 >8 False
2017-12-03 23:56:51,852 INFO # 96 err: 8 BER:1/12 >8 False
2017-12-03 23:56:51,853 INFO # 97 err: 8 BER:1/12 >8 False
2017-12-03 23:56:51,854 INFO # 98 err: 8 BER:1/12 >8 False
2017-12-03 23:56:51,855 INFO # 99 err: 8 BER:1/12 >8 False
2017-12-03 23:56:51,856 INFO # 100 err: 8 BER:1/12 >8 False
2017-12-03 23:56:51,857 INFO # 101 err: 8 BER:1/12 >8 False
2017-12-03 23:56:51,858 INFO # 102 err: 8 BER:1/12 >8 False
2017-12-03 23:56:51,864 INFO # 103 err: 8 BER:1/12 >8 False
2017-12-03 23:56:51,865 INFO # 104 err: 9 BER:1/12 >8 True
2017-12-03 23:56:51,866 INFO # 105 err: 9 BER:1/12 >8 False
2017-12-03 23:56:51,866 INFO # 106 err: 9 BER:1/12 >8 False
2017-12-03 23:56:51,868 WARNING BER:1/12 #5
2017-12-03 23:56:51,868 INFO # 107 err: 9 BER:1/12 >5 False
2017-12-03 23:56:51,869 INFO # 108 err: 9 BER:1/12 >5 False
2017-12-03 23:56:51,870 INFO # 109 err: 9 BER:1/12 >5 False
2017-12-03 23:56:51,871 INFO # 110 err: 9 BER:1/12 >5 False
2017-12-03 23:56:51,872 INFO # 111 err: 9 BER:1/12 >5 False
2017-12-03 23:56:51,878 INFO # 112 err: 9 BER:1/12 >5 False
2017-12-03 23:56:51,879 INFO # 113 err: 10 BER:1/12 >5 True
2017-12-03 23:56:51,881 INFO # 114 err: 10 BER:1/12 >5 False
2017-12-03 23:56:51,881 INFO # 115 err: 10 BER:1/12 >5 False
2017-12-03 23:56:51,882 INFO # 116 err: 10 BER:1/12 >5 False
2017-12-03 23:56:51,883 INFO # 117 err: 10 BER:1/12 >5 False
2017-12-03 23:56:51,884 INFO # 118 err: 10 BER:1/12 >5 False
2017-12-03 23:56:51,886 WARNING BER:1/12 #6
2017-12-03 23:56:51,886 INFO # 119 err: 10 BER:1/12 >6 False
2017-12-03 23:56:51,892 INFO # 120 err: 10 BER:1/12 >6 False
2017-12-03 23:56:51,893 INFO # 121 err: 10 BER:1/12 >6 False
2017-12-03 23:56:51,894 INFO # 122 err: 10 BER:1/12 >6 False
2017-12-03 23:56:51,895 INFO # 123 err: 10 BER:1/12 >6 False
2017-12-03 23:56:51,896 INFO # 124 err: 10 BER:1/12 >6 False
2017-12-03 23:56:51,897 INFO # 125 err: 10 BER:1/12 >6 False
2017-12-03 23:56:51,898 INFO # 126 err: 11 BER:1/12 >6 True
2017-12-03 23:56:51,899 INFO # 127 err: 11 BER:1/12 >6 False
2017-12-03 23:56:51,906 INFO # 128 err: 11 BER:1/12 >6 False
2017-12-03 23:56:51,907 INFO # 129 err: 11 BER:1/12 >6 False
2017-12-03 23:56:51,908 INFO # 130 err: 11 BER:1/12 >6 False
2017-12-03 23:56:51,909 WARNING BER:1/12 #1
2017-12-03 23:56:51,909 INFO # 131 err: 11 BER:1/12 >1 False
2017-12-03 23:56:51,910 INFO # 132 err: 11 BER:1/12 >1 False
2017-12-03 23:56:51,911 INFO # 133 err: 12 BER:1/12 >1 True
2017-12-03 23:56:51,912 INFO # 134 err: 12 BER:1/12 >1 False
2017-12-03 23:56:51,913 INFO # 135 err: 12 BER:1/12 >1 False
2017-12-03 23:56:51,914 INFO # 136 err: 12 BER:1/12 >1 False
2017-12-03 23:56:51,920 INFO # 137 err: 12 BER:1/12 >1 False
2017-12-03 23:56:51,921 INFO # 138 err: 12 BER:1/12 >1 False
2017-12-03 23:56:51,922 INFO # 139 err: 12 BER:1/12 >1 False
2017-12-03 23:56:51,923 INFO # 140 err: 12 BER:1/12 >1 False
2017-12-03 23:56:51,924 INFO # 141 err: 12 BER:1/12 >1 False
2017-12-03 23:56:51,925 INFO # 142 err: 12 BER:1/12 >1 False
2017-12-03 23:56:51,930 WARNING BER:1/12 #1
2017-12-03 23:56:51,931 INFO # 143 err: 12 BER:1/12 >1 False
2017-12-03 23:56:51,934 INFO # 144 err: 12 BER:1/12 >1 False
2017-12-03 23:56:51,936 INFO # 145 err: 13 BER:1/12 >1 True
2017-12-03 23:56:51,938 INFO # 146 err: 13 BER:1/12 >1 False
2017-12-03 23:56:51,939 INFO # 147 err: 13 BER:1/12 >1 False
2017-12-03 23:56:51,940 INFO # 148 err: 13 BER:1/12 >1 False
2017-12-03 23:56:51,941 INFO # 149 err: 13 BER:1/12 >1 False
2017-12-03 23:56:51,947 INFO # 150 err: 13 BER:1/12 >1 False
2017-12-03 23:56:51,948 INFO # 151 err: 13 BER:1/12 >1 False
2017-12-03 23:56:51,949 INFO # 152 err: 13 BER:1/12 >1 False
2017-12-03 23:56:51,950 INFO # 153 err: 13 BER:1/12 >1 False
2017-12-03 23:56:51,951 INFO # 154 err: 13 BER:1/12 >1 False
2017-12-03 23:56:51,953 WARNING BER:1/12 #9
2017-12-03 23:56:51,953 INFO # 155 err: 13 BER:1/12 >9 False
2017-12-03 23:56:51,954 INFO # 156 err: 13 BER:1/12 >9 False
2017-12-03 23:56:51,955 INFO # 157 err: 13 BER:1/12 >9 False
2017-12-03 23:56:51,962 INFO # 158 err: 13 BER:1/12 >9 False
2017-12-03 23:56:51,962 INFO # 159 err: 13 BER:1/12 >9 False
2017-12-03 23:56:51,963 INFO # 160 err: 13 BER:1/12 >9 False
2017-12-03 23:56:51,964 INFO # 161 err: 13 BER:1/12 >9 False
2017-12-03 23:56:51,965 INFO # 162 err: 13 BER:1/12 >9 False
2017-12-03 23:56:51,966 INFO # 163 err: 13 BER:1/12 >9 False
2017-12-03 23:56:51,967 INFO # 164 err: 13 BER:1/12 >9 False
2017-12-03 23:56:51,968 INFO # 165 err: 14 BER:1/12 >9 True
2017-12-03 23:56:51,969 INFO # 166 err: 14 BER:1/12 >9 False
2017-12-03 23:56:51,976 WARNING BER:1/12 #9
2017-12-03 23:56:51,976 INFO # 167 err: 14 BER:1/12 >9 False
2017-12-03 23:56:51,977 INFO # 168 err: 14 BER:1/12 >9 False
2017-12-03 23:56:51,978 INFO # 169 err: 14 BER:1/12 >9 False
2017-12-03 23:56:51,979 INFO # 170 err: 14 BER:1/12 >9 False
2017-12-03 23:56:51,980 INFO # 171 err: 14 BER:1/12 >9 False
2017-12-03 23:56:51,980 INFO # 172 err: 14 BER:1/12 >9 False
2017-12-03 23:56:51,981 INFO # 173 err: 14 BER:1/12 >9 False
2017-12-03 23:56:51,982 INFO # 174 err: 14 BER:1/12 >9 False
2017-12-03 23:56:51,983 INFO # 175 err: 14 BER:1/12 >9 False
2017-12-03 23:56:51,990 INFO # 176 err: 14 BER:1/12 >9 False
2017-12-03 23:56:51,991 INFO # 177 err: 15 BER:1/12 >9 True
2017-12-03 23:56:51,992 INFO # 178 err: 15 BER:1/12 >9 False
2017-12-03 23:56:51,993 WARNING BER:1/12 #6
2017-12-03 23:56:51,994 INFO # 179 err: 15 BER:1/12 >6 False
2017-12-03 23:56:51,995 INFO # 180 err: 15 BER:1/12 >6 False
2017-12-03 23:56:51,995 INFO # 181 err: 15 BER:1/12 >6 False
2017-12-03 23:56:51,996 INFO # 182 err: 15 BER:1/12 >6 False
2017-12-03 23:56:51,997 INFO # 183 err: 15 BER:1/12 >6 False
2017-12-03 23:56:52,005 INFO # 184 err: 15 BER:1/12 >6 False
2017-12-03 23:56:52,006 INFO # 185 err: 15 BER:1/12 >6 False
2017-12-03 23:56:52,007 INFO # 186 err: 16 BER:1/12 >6 True
2017-12-03 23:56:52,008 INFO # 187 err: 16 BER:1/12 >6 False
2017-12-03 23:56:52,009 INFO # 188 err: 16 BER:1/12 >6 False
2017-12-03 23:56:52,010 INFO # 189 err: 16 BER:1/12 >6 False
2017-12-03 23:56:52,011 INFO # 190 err: 16 BER:1/12 >6 False
2017-12-03 23:56:52,012 WARNING BER:1/12 #10
2017-12-03 23:56:52,012 INFO # 191 err: 16 BER:1/12 >10 False
2017-12-03 23:56:52,021 INFO # 192 err: 16 BER:1/12 >10 False
2017-12-03 23:56:52,022 INFO # 193 err: 16 BER:1/12 >10 False
2017-12-03 23:56:52,023 INFO # 194 err: 16 BER:1/12 >10 False
2017-12-03 23:56:52,024 INFO # 195 err: 16 BER:1/12 >10 False
2017-12-03 23:56:52,025 INFO # 196 err: 16 BER:1/12 >10 False
2017-12-03 23:56:52,026 INFO # 197 err: 16 BER:1/12 >10 False
2017-12-03 23:56:52,034 INFO # 198 err: 16 BER:1/12 >10 False
2017-12-03 23:56:52,038 INFO # 199 err: 16 BER:1/12 >10 False
2017-12-03 23:56:52,039 INFO # 200 err: 16 BER:1/12 >10 False
2017-12-03 23:56:52,040 INFO # 201 err: 16 BER:1/12 >10 False
2017-12-03 23:56:52,045 INFO # 202 err: 17 BER:1/12 >10 True
2017-12-03 23:56:52,047 WARNING BER:1/12 #12
2017-12-03 23:56:52,047 INFO # 203 err: 17 BER:1/12 >12 False
2017-12-03 23:56:52,048 INFO # 204 err: 17 BER:1/12 >12 False
2017-12-03 23:56:52,049 INFO # 205 err: 17 BER:1/12 >12 False
2017-12-03 23:56:52,049 INFO # 206 err: 17 BER:1/12 >12 False
2017-12-03 23:56:52,050 INFO # 207 err: 17 BER:1/12 >12 False
2017-12-03 23:56:52,051 INFO # 208 err: 17 BER:1/12 >12 False
2017-12-03 23:56:52,058 INFO # 209 err: 17 BER:1/12 >12 False
2017-12-03 23:56:52,059 INFO # 210 err: 17 BER:1/12 >12 False
2017-12-03 23:56:52,060 INFO # 211 err: 17 BER:1/12 >12 False
2017-12-03 23:56:52,061 INFO # 212 err: 17 BER:1/12 >12 False
2017-12-03 23:56:52,062 INFO # 213 err: 17 BER:1/12 >12 False
2017-12-03 23:56:52,063 INFO # 214 err: 17 BER:1/12 >12 False
2017-12-03 23:56:52,064 WARNING BER:1/12 #4
2017-12-03 23:56:52,065 INFO # 215 err: 17 BER:1/12 >4 False
2017-12-03 23:56:52,066 INFO # 216 err: 17 BER:1/12 >4 False
2017-12-03 23:56:52,072 INFO # 217 err: 17 BER:1/12 >4 False
2017-12-03 23:56:52,073 INFO # 218 err: 17 BER:1/12 >4 False
2017-12-03 23:56:52,074 INFO # 219 err: 17 BER:1/12 >4 False
2017-12-03 23:56:52,075 INFO # 220 err: 18 BER:1/12 >4 True
2017-12-03 23:56:52,076 INFO # 221 err: 18 BER:1/12 >4 False
2017-12-03 23:56:52,077 INFO # 222 err: 18 BER:1/12 >4 False
2017-12-03 23:56:52,078 INFO # 223 err: 18 BER:1/12 >4 False
2017-12-03 23:56:52,079 INFO # 224 err: 18 BER:1/12 >4 False
2017-12-03 23:56:52,080 INFO # 225 err: 18 BER:1/12 >4 False
2017-12-03 23:56:52,087 INFO # 226 err: 18 BER:1/12 >4 False
2017-12-03 23:56:52,088 WARNING BER:1/12 #2
2017-12-03 23:56:52,089 INFO # 227 err: 18 BER:1/12 >2 False
2017-12-03 23:56:52,089 INFO # 228 err: 18 BER:1/12 >2 False
2017-12-03 23:56:52,090 INFO # 229 err: 18 BER:1/12 >2 False
2017-12-03 23:56:52,091 INFO # 230 err: 19 BER:1/12 >2 True
2017-12-03 23:56:52,092 INFO # 231 err: 19 BER:1/12 >2 False
2017-12-03 23:56:52,093 INFO # 232 err: 19 BER:1/12 >2 False
2017-12-03 23:56:52,093 INFO # 233 err: 19 BER:1/12 >2 False
2017-12-03 23:56:52,094 INFO # 234 err: 19 BER:1/12 >2 False
2017-12-03 23:56:52,095 INFO # 235 err: 19 BER:1/12 >2 False
2017-12-03 23:56:52,104 INFO # 236 err: 19 BER:1/12 >2 False
2017-12-03 23:56:52,105 INFO # 237 err: 19 BER:1/12 >2 False
2017-12-03 23:56:52,106 INFO # 238 err: 19 BER:1/12 >2 False
2017-12-03 23:56:52,107 WARNING BER:1/12 #8
2017-12-03 23:56:52,108 INFO # 239 err: 19 BER:1/12 >8 False
2017-12-03 23:56:52,109 INFO # 240 err: 19 BER:1/12 >8 False
2017-12-03 23:56:52,110 INFO # 241 err: 19 BER:1/12 >8 False
2017-12-03 23:56:52,110 INFO # 242 err: 19 BER:1/12 >8 False
2017-12-03 23:56:52,117 INFO # 243 err: 19 BER:1/12 >8 False
2017-12-03 23:56:52,117 INFO # 244 err: 19 BER:1/12 >8 False
2017-12-03 23:56:52,119 INFO # 245 err: 19 BER:1/12 >8 False
2017-12-03 23:56:52,120 INFO # 246 err: 19 BER:1/12 >8 False
2017-12-03 23:56:52,121 INFO # 247 err: 19 BER:1/12 >8 False
2017-12-03 23:56:52,122 INFO # 248 err: 20 BER:1/12 >8 True
2017-12-03 23:56:52,123 INFO # 249 err: 20 BER:1/12 >8 False
2017-12-03 23:56:52,124 INFO # 250 err: 20 BER:1/12 >8 False
2017-12-03 23:56:52,132 WARNING BER:1/12 #1
2017-12-03 23:56:52,132 INFO # 251 err: 20 BER:1/12 >1 False
2017-12-03 23:56:52,133 INFO # 252 err: 20 BER:1/12 >1 False
2017-12-03 23:56:52,135 INFO # 253 err: 21 BER:1/12 >1 True
2017-12-03 23:56:52,138 INFO # 254 err: 21 BER:1/12 >1 False
2017-12-03 23:56:52,139 INFO # 255 err: 21 BER:1/12 >1 False
2017-12-03 23:56:52,145 INFO # 256 err: 21 BER:1/12 >1 False
2017-12-03 23:57:14,391 WARNING BER:1/12 #11
2017-12-03 23:57:14,392 INFO # 1 err: 0 BER:1/12 >11 False
2017-12-03 23:57:14,393 INFO # 2 err: 0 BER:1/12 >11 False
2017-12-03 23:57:14,394 INFO # 3 err: 0 BER:1/12 >11 False
2017-12-03 23:57:14,395 INFO # 4 err: 0 BER:1/12 >11 False
2017-12-03 23:57:14,396 INFO # 5 err: 0 BER:1/12 >11 False
2017-12-03 23:57:14,397 INFO # 6 err: 0 BER:1/12 >11 False
2017-12-03 23:57:14,398 INFO # 7 err: 0 BER:1/12 >11 False
2017-12-03 23:57:14,399 INFO # 8 err: 0 BER:1/12 >11 False
2017-12-03 23:57:14,405 INFO # 9 err: 0 BER:1/12 >11 False
2017-12-03 23:57:14,406 INFO # 10 err: 0 BER:1/12 >11 False
2017-12-03 23:57:14,407 WARNING BER:1/12 #1
2017-12-03 23:57:14,408 INFO # 11 err: 1 BER:1/12 >1 True
2017-12-03 23:57:14,409 INFO # 12 err: 1 BER:1/12 >1 False
2017-12-03 23:57:14,409 INFO # 13 err: 2 BER:1/12 >1 True
2017-12-03 23:57:14,411 INFO # 14 err: 2 BER:1/12 >1 False
2017-12-03 23:57:14,412 INFO # 15 err: 2 BER:1/12 >1 False
2017-12-03 23:57:14,419 INFO # 16 err: 2 BER:1/12 >1 False
2017-12-03 23:57:14,420 INFO # 17 err: 2 BER:1/12 >1 False
2017-12-03 23:57:14,421 INFO # 18 err: 2 BER:1/12 >1 False
2017-12-03 23:57:14,421 INFO # 19 err: 2 BER:1/12 >1 False
2017-12-03 23:57:14,422 INFO # 20 err: 2 BER:1/12 >1 False
2017-12-03 23:57:14,423 INFO # 21 err: 2 BER:1/12 >1 False
2017-12-03 23:57:14,425 INFO # 22 err: 2 BER:1/12 >1 False
2017-12-03 23:57:14,433 WARNING BER:1/12 #12
2017-12-03 23:57:14,433 INFO # 23 err: 2 BER:1/12 >12 False
2017-12-03 23:57:14,435 INFO # 24 err: 2 BER:1/12 >12 False
2017-12-03 23:57:14,436 INFO # 25 err: 2 BER:1/12 >12 False
2017-12-03 23:57:14,437 INFO # 26 err: 2 BER:1/12 >12 False
2017-12-03 23:57:14,439 INFO # 27 err: 2 BER:1/12 >12 False
2017-12-03 23:57:14,440 INFO # 28 err: 2 BER:1/12 >12 False
2017-12-03 23:57:14,441 INFO # 29 err: 2 BER:1/12 >12 False
2017-12-03 23:57:14,446 INFO # 30 err: 2 BER:1/12 >12 False
2017-12-03 23:57:14,447 INFO # 31 err: 2 BER:1/12 >12 False
2017-12-03 23:57:14,448 INFO # 32 err: 2 BER:1/12 >12 False
2017-12-03 23:57:14,449 INFO # 33 err: 2 BER:1/12 >12 False
2017-12-03 23:57:14,450 INFO # 34 err: 2 BER:1/12 >12 False
2017-12-03 23:57:14,451 WARNING BER:1/12 #9
2017-12-03 23:57:14,452 INFO # 35 err: 2 BER:1/12 >9 False
2017-12-03 23:57:14,453 INFO # 36 err: 2 BER:1/12 >9 False
2017-12-03 23:57:14,454 INFO # 37 err: 2 BER:1/12 >9 False
2017-12-03 23:57:14,460 INFO # 38 err: 2 BER:1/12 >9 False
2017-12-03 23:57:14,462 INFO # 39 err: 2 BER:1/12 >9 False
2017-12-03 23:57:14,463 INFO # 40 err: 2 BER:1/12 >9 False
2017-12-03 23:57:14,463 INFO # 41 err: 2 BER:1/12 >9 False
2017-12-03 23:57:14,464 INFO # 42 err: 2 BER:1/12 >9 False
2017-12-03 23:57:14,465 INFO # 43 err: 2 BER:1/12 >9 False
2017-12-03 23:57:14,466 INFO # 44 err: 2 BER:1/12 >9 False
2017-12-03 23:57:14,467 INFO # 45 err: 3 BER:1/12 >9 True
2017-12-03 23:57:14,468 INFO # 46 err: 3 BER:1/12 >9 False
2017-12-03 23:57:14,475 WARNING BER:1/12 #11
2017-12-03 23:57:14,476 INFO # 47 err: 3 BER:1/12 >11 False
2017-12-03 23:57:14,477 INFO # 48 err: 3 BER:1/12 >11 False
2017-12-03 23:57:14,478 INFO # 49 err: 3 BER:1/12 >11 False
2017-12-03 23:57:14,479 INFO # 50 err: 3 BER:1/12 >11 False
2017-12-03 23:57:14,480 INFO # 51 err: 3 BER:1/12 >11 False
2017-12-03 23:57:14,481 INFO # 52 err: 3 BER:1/12 >11 False
2017-12-03 23:57:14,482 INFO # 53 err: 3 BER:1/12 >11 False
2017-12-03 23:57:14,483 INFO # 54 err: 3 BER:1/12 >11 False
2017-12-03 23:57:14,489 INFO # 55 err: 3 BER:1/12 >11 False
2017-12-03 23:57:14,490 INFO # 56 err: 3 BER:1/12 >11 False
2017-12-03 23:57:14,491 INFO # 57 err: 3 BER:1/12 >11 False
2017-12-03 23:57:14,492 INFO # 58 err: 3 BER:1/12 >11 False
2017-12-03 23:57:14,494 WARNING BER:1/12 #2
2017-12-03 23:57:14,494 INFO # 59 err: 4 BER:1/12 >2 True
2017-12-03 23:57:14,496 INFO # 60 err: 4 BER:1/12 >2 False
2017-12-03 23:57:14,497 INFO # 61 err: 4 BER:1/12 >2 False
2017-12-03 23:57:14,503 INFO # 62 err: 5 BER:1/12 >2 True
2017-12-03 23:57:14,504 INFO # 63 err: 5 BER:1/12 >2 False
2017-12-03 23:57:14,505 INFO # 64 err: 5 BER:1/12 >2 False
2017-12-03 23:57:14,506 INFO # 65 err: 5 BER:1/12 >2 False
2017-12-03 23:57:14,507 INFO # 66 err: 5 BER:1/12 >2 False
2017-12-03 23:57:14,508 INFO # 67 err: 5 BER:1/12 >2 False
2017-12-03 23:57:14,509 INFO # 68 err: 5 BER:1/12 >2 False
2017-12-03 23:57:14,510 INFO # 69 err: 5 BER:1/12 >2 False
2017-12-03 23:57:14,517 INFO # 70 err: 5 BER:1/12 >2 False
2017-12-03 23:57:14,519 WARNING BER:1/12 #11
2017-12-03 23:57:14,519 INFO # 71 err: 5 BER:1/12 >11 False
2017-12-03 23:57:14,521 INFO # 72 err: 5 BER:1/12 >11 False
2017-12-03 23:57:14,521 INFO # 73 err: 5 BER:1/12 >11 False
2017-12-03 23:57:14,522 INFO # 74 err: 5 BER:1/12 >11 False
2017-12-03 23:57:14,523 INFO # 75 err: 5 BER:1/12 >11 False
2017-12-03 23:57:14,524 INFO # 76 err: 5 BER:1/12 >11 False
2017-12-03 23:57:14,534 INFO # 77 err: 5 BER:1/12 >11 False
2017-12-03 23:57:14,539 INFO # 78 err: 5 BER:1/12 >11 False
2017-12-03 23:57:14,543 INFO # 79 err: 5 BER:1/12 >11 False
2017-12-03 23:57:14,545 INFO # 80 err: 5 BER:1/12 >11 False
2017-12-03 23:57:14,546 INFO # 81 err: 5 BER:1/12 >11 False
2017-12-03 23:57:14,548 INFO # 82 err: 5 BER:1/12 >11 False
2017-12-03 23:57:14,549 WARNING BER:1/12 #4
2017-12-03 23:57:14,550 INFO # 83 err: 6 BER:1/12 >4 True
2017-12-03 23:57:14,555 INFO # 84 err: 6 BER:1/12 >4 False
2017-12-03 23:57:14,557 INFO # 85 err: 6 BER:1/12 >4 False
2017-12-03 23:57:14,558 INFO # 86 err: 6 BER:1/12 >4 False
2017-12-03 23:57:14,559 INFO # 87 err: 6 BER:1/12 >4 False
2017-12-03 23:57:14,559 INFO # 88 err: 7 BER:1/12 >4 True
2017-12-03 23:57:14,562 INFO # 89 err: 7 BER:1/12 >4 False
2017-12-03 23:57:14,568 INFO # 90 err: 7 BER:1/12 >4 False
2017-12-03 23:57:14,569 INFO # 91 err: 7 BER:1/12 >4 False
2017-12-03 23:57:14,570 INFO # 92 err: 7 BER:1/12 >4 False
2017-12-03 23:57:14,571 INFO # 93 err: 7 BER:1/12 >4 False
2017-12-03 23:57:14,572 INFO # 94 err: 7 BER:1/12 >4 False
2017-12-03 23:57:14,573 WARNING BER:1/12 #6
2017-12-03 23:57:14,573 INFO # 95 err: 7 BER:1/12 >6 False
2017-12-03 23:57:14,574 INFO # 96 err: 7 BER:1/12 >6 False
2017-12-03 23:57:14,575 INFO # 97 err: 7 BER:1/12 >6 False
2017-12-03 23:57:14,575 INFO # 98 err: 7 BER:1/12 >6 False
2017-12-03 23:57:14,576 INFO # 99 err: 7 BER:1/12 >6 False
2017-12-03 23:57:14,584 INFO # 100 err: 7 BER:1/12 >6 False
2017-12-03 23:57:14,585 INFO # 101 err: 7 BER:1/12 >6 False
2017-12-03 23:57:14,587 INFO # 102 err: 8 BER:1/12 >6 True
2017-12-03 23:57:14,589 INFO # 103 err: 8 BER:1/12 >6 False
2017-12-03 23:57:14,590 INFO # 104 err: 8 BER:1/12 >6 False
2017-12-03 23:57:14,591 INFO # 105 err: 8 BER:1/12 >6 False
2017-12-03 23:57:14,597 INFO # 106 err: 8 BER:1/12 >6 False
2017-12-03 23:57:14,598 WARNING BER:1/12 #2
2017-12-03 23:57:14,598 INFO # 107 err: 8 BER:1/12 >2 False
2017-12-03 23:57:14,599 INFO # 108 err: 8 BER:1/12 >2 False
2017-12-03 23:57:14,600 INFO # 109 err: 8 BER:1/12 >2 False
2017-12-03 23:57:14,601 INFO # 110 err: 9 BER:1/12 >2 True
2017-12-03 23:57:14,602 INFO # 111 err: 9 BER:1/12 >2 False
2017-12-03 23:57:14,603 INFO # 112 err: 9 BER:1/12 >2 False
2017-12-03 23:57:14,603 INFO # 113 err: 9 BER:1/12 >2 False
2017-12-03 23:57:14,611 INFO # 114 err: 9 BER:1/12 >2 False
2017-12-03 23:57:14,611 INFO # 115 err: 9 BER:1/12 >2 False
2017-12-03 23:57:14,613 INFO # 116 err: 9 BER:1/12 >2 False
2017-12-03 23:57:14,614 INFO # 117 err: 9 BER:1/12 >2 False
2017-12-03 23:57:14,615 INFO # 118 err: 9 BER:1/12 >2 False
2017-12-03 23:57:14,616 WARNING BER:1/12 #12
2017-12-03 23:57:14,617 INFO # 119 err: 9 BER:1/12 >12 False
2017-12-03 23:57:14,617 INFO # 120 err: 9 BER:1/12 >12 False
2017-12-03 23:57:14,618 INFO # 121 err: 9 BER:1/12 >12 False
2017-12-03 23:57:14,624 INFO # 122 err: 9 BER:1/12 >12 False
2017-12-03 23:57:14,626 INFO # 123 err: 9 BER:1/12 >12 False
2017-12-03 23:57:14,628 INFO # 124 err: 9 BER:1/12 >12 False
2017-12-03 23:57:14,630 INFO # 125 err: 9 BER:1/12 >12 False
2017-12-03 23:57:14,631 INFO # 126 err: 9 BER:1/12 >12 False
2017-12-03 23:57:14,632 INFO # 127 err: 9 BER:1/12 >12 False
2017-12-03 23:57:14,637 INFO # 128 err: 9 BER:1/12 >12 False
2017-12-03 23:57:14,638 INFO # 129 err: 9 BER:1/12 >12 False
2017-12-03 23:57:14,639 INFO # 130 err: 9 BER:1/12 >12 False
2017-12-03 23:57:14,641 WARNING BER:1/12 #6
2017-12-03 23:57:14,641 INFO # 131 err: 9 BER:1/12 >6 False
2017-12-03 23:57:14,642 INFO # 132 err: 9 BER:1/12 >6 False
2017-12-03 23:57:14,643 INFO # 133 err: 9 BER:1/12 >6 False
2017-12-03 23:57:14,644 INFO # 134 err: 9 BER:1/12 >6 False
2017-12-03 23:57:14,645 INFO # 135 err: 9 BER:1/12 >6 False
2017-12-03 23:57:14,652 INFO # 136 err: 9 BER:1/12 >6 False
2017-12-03 23:57:14,653 INFO # 137 err: 9 BER:1/12 >6 False
2017-12-03 23:57:14,654 INFO # 138 err: 10 BER:1/12 >6 True
2017-12-03 23:57:14,655 INFO # 139 err: 10 BER:1/12 >6 False
2017-12-03 23:57:14,655 INFO # 140 err: 10 BER:1/12 >6 False
2017-12-03 23:57:14,656 INFO # 141 err: 10 BER:1/12 >6 False
2017-12-03 23:57:14,657 INFO # 142 err: 10 BER:1/12 >6 False
2017-12-03 23:57:14,658 WARNING BER:1/12 #12
2017-12-03 23:57:14,658 INFO # 143 err: 10 BER:1/12 >12 False
2017-12-03 23:57:14,659 INFO # 144 err: 10 BER:1/12 >12 False
2017-12-03 23:57:14,666 INFO # 145 err: 10 BER:1/12 >12 False
2017-12-03 23:57:14,667 INFO # 146 err: 10 BER:1/12 >12 False
2017-12-03 23:57:14,668 INFO # 147 err: 10 BER:1/12 >12 False
2017-12-03 23:57:14,669 INFO # 148 err: 10 BER:1/12 >12 False
2017-12-03 23:57:14,670 INFO # 149 err: 10 BER:1/12 >12 False
2017-12-03 23:57:14,671 INFO # 150 err: 10 BER:1/12 >12 False
2017-12-03 23:57:14,671 INFO # 151 err: 10 BER:1/12 >12 False
2017-12-03 23:57:14,672 INFO # 152 err: 10 BER:1/12 >12 False
2017-12-03 23:57:14,673 INFO # 153 err: 10 BER:1/12 >12 False
2017-12-03 23:57:14,674 INFO # 154 err: 10 BER:1/12 >12 False
2017-12-03 23:57:14,682 WARNING BER:1/12 #10
2017-12-03 23:57:14,682 INFO # 155 err: 10 BER:1/12 >10 False
2017-12-03 23:57:14,683 INFO # 156 err: 10 BER:1/12 >10 False
2017-12-03 23:57:14,684 INFO # 157 err: 10 BER:1/12 >10 False
2017-12-03 23:57:14,685 INFO # 158 err: 10 BER:1/12 >10 False
2017-12-03 23:57:14,686 INFO # 159 err: 10 BER:1/12 >10 False
2017-12-03 23:57:14,686 INFO # 160 err: 10 BER:1/12 >10 False
2017-12-03 23:57:14,687 INFO # 161 err: 10 BER:1/12 >10 False
2017-12-03 23:57:14,688 INFO # 162 err: 10 BER:1/12 >10 False
2017-12-03 23:57:14,689 INFO # 163 err: 10 BER:1/12 >10 False
2017-12-03 23:57:14,690 INFO # 164 err: 10 BER:1/12 >10 False
2017-12-03 23:57:14,697 INFO # 165 err: 10 BER:1/12 >10 False
2017-12-03 23:57:14,698 INFO # 166 err: 11 BER:1/12 >10 True
2017-12-03 23:57:14,699 WARNING BER:1/12 #4
2017-12-03 23:57:14,699 INFO # 167 err: 11 BER:1/12 >4 False
2017-12-03 23:57:14,700 INFO # 168 err: 11 BER:1/12 >4 False
2017-12-03 23:57:14,701 INFO # 169 err: 11 BER:1/12 >4 False
2017-12-03 23:57:14,702 INFO # 170 err: 11 BER:1/12 >4 False
2017-12-03 23:57:14,703 INFO # 171 err: 11 BER:1/12 >4 False
2017-12-03 23:57:14,704 INFO # 172 err: 12 BER:1/12 >4 True
2017-12-03 23:57:14,704 INFO # 173 err: 12 BER:1/12 >4 False
2017-12-03 23:57:14,712 INFO # 174 err: 12 BER:1/12 >4 False
2017-12-03 23:57:14,713 INFO # 175 err: 12 BER:1/12 >4 False
2017-12-03 23:57:14,714 INFO # 176 err: 12 BER:1/12 >4 False
2017-12-03 23:57:14,714 INFO # 177 err: 12 BER:1/12 >4 False
2017-12-03 23:57:14,715 INFO # 178 err: 12 BER:1/12 >4 False
2017-12-03 23:57:14,717 WARNING BER:1/12 #2
2017-12-03 23:57:14,717 INFO # 179 err: 12 BER:1/12 >2 False
2017-12-03 23:57:14,718 INFO # 180 err: 12 BER:1/12 >2 False
2017-12-03 23:57:14,719 INFO # 181 err: 12 BER:1/12 >2 False
2017-12-03 23:57:14,725 INFO # 182 err: 13 BER:1/12 >2 True
2017-12-03 23:57:14,728 INFO # 183 err: 13 BER:1/12 >2 False
2017-12-03 23:57:14,730 INFO # 184 err: 13 BER:1/12 >2 False
2017-12-03 23:57:14,731 INFO # 185 err: 13 BER:1/12 >2 False
2017-12-03 23:57:14,733 INFO # 186 err: 13 BER:1/12 >2 False
2017-12-03 23:57:14,738 INFO # 187 err: 13 BER:1/12 >2 False
2017-12-03 23:57:14,739 INFO # 188 err: 13 BER:1/12 >2 False
2017-12-03 23:57:14,741 INFO # 189 err: 13 BER:1/12 >2 False
2017-12-03 23:57:14,742 INFO # 190 err: 13 BER:1/12 >2 False
2017-12-03 23:57:14,743 WARNING BER:1/12 #4
2017-12-03 23:57:14,743 INFO # 191 err: 13 BER:1/12 >4 False
2017-12-03 23:57:14,744 INFO # 192 err: 13 BER:1/12 >4 False
2017-12-03 23:57:14,745 INFO # 193 err: 13 BER:1/12 >4 False
2017-12-03 23:57:14,746 INFO # 194 err: 13 BER:1/12 >4 False
2017-12-03 23:57:14,752 INFO # 195 err: 13 BER:1/12 >4 False
2017-12-03 23:57:14,754 INFO # 196 err: 14 BER:1/12 >4 True
2017-12-03 23:57:14,755 INFO # 197 err: 14 BER:1/12 >4 False
2017-12-03 23:57:14,756 INFO # 198 err: 14 BER:1/12 >4 False
2017-12-03 23:57:14,757 INFO # 199 err: 14 BER:1/12 >4 False
2017-12-03 23:57:14,758 INFO # 200 err: 14 BER:1/12 >4 False
2017-12-03 23:57:14,758 INFO # 201 err: 14 BER:1/12 >4 False
2017-12-03 23:57:14,759 INFO # 202 err: 14 BER:1/12 >4 False
2017-12-03 23:57:14,766 WARNING BER:1/12 #12
2017-12-03 23:57:14,767 INFO # 203 err: 14 BER:1/12 >12 False
2017-12-03 23:57:14,767 INFO # 204 err: 14 BER:1/12 >12 False
2017-12-03 23:57:14,768 INFO # 205 err: 14 BER:1/12 >12 False
2017-12-03 23:57:14,769 INFO # 206 err: 14 BER:1/12 >12 False
2017-12-03 23:57:14,770 INFO # 207 err: 14 BER:1/12 >12 False
2017-12-03 23:57:14,771 INFO # 208 err: 14 BER:1/12 >12 False
2017-12-03 23:57:14,771 INFO # 209 err: 14 BER:1/12 >12 False
2017-12-03 23:57:14,772 INFO # 210 err: 14 BER:1/12 >12 False
2017-12-03 23:57:14,773 INFO # 211 err: 14 BER:1/12 >12 False
2017-12-03 23:57:14,774 INFO # 212 err: 14 BER:1/12 >12 False
2017-12-03 23:57:14,781 INFO # 213 err: 14 BER:1/12 >12 False
2017-12-03 23:57:14,782 INFO # 214 err: 14 BER:1/12 >12 False
2017-12-03 23:57:14,783 WARNING BER:1/12 #7
2017-12-03 23:57:14,784 INFO # 215 err: 14 BER:1/12 >7 False
2017-12-03 23:57:14,785 INFO # 216 err: 14 BER:1/12 >7 False
2017-12-03 23:57:14,785 INFO # 217 err: 14 BER:1/12 >7 False
2017-12-03 23:57:14,786 INFO # 218 err: 14 BER:1/12 >7 False
2017-12-03 23:57:14,787 INFO # 219 err: 14 BER:1/12 >7 False
2017-12-03 23:57:14,788 INFO # 220 err: 14 BER:1/12 >7 False
2017-12-03 23:57:14,789 INFO # 221 err: 14 BER:1/12 >7 False
2017-12-03 23:57:14,795 INFO # 222 err: 14 BER:1/12 >7 False
2017-12-03 23:57:14,796 INFO # 223 err: 15 BER:1/12 >7 True
2017-12-03 23:57:14,798 INFO # 224 err: 15 BER:1/12 >7 False
2017-12-03 23:57:14,799 INFO # 225 err: 15 BER:1/12 >7 False
2017-12-03 23:57:14,800 INFO # 226 err: 15 BER:1/12 >7 False
2017-12-03 23:57:14,801 WARNING BER:1/12 #11
2017-12-03 23:57:14,801 INFO # 227 err: 15 BER:1/12 >11 False
2017-12-03 23:57:14,802 INFO # 228 err: 15 BER:1/12 >11 False
2017-12-03 23:57:14,803 INFO # 229 err: 15 BER:1/12 >11 False
2017-12-03 23:57:14,810 INFO # 230 err: 15 BER:1/12 >11 False
2017-12-03 23:57:14,811 INFO # 231 err: 15 BER:1/12 >11 False
2017-12-03 23:57:14,813 INFO # 232 err: 15 BER:1/12 >11 False
2017-12-03 23:57:14,814 INFO # 233 err: 15 BER:1/12 >11 False
2017-12-03 23:57:14,814 INFO # 234 err: 15 BER:1/12 >11 False
2017-12-03 23:57:14,815 INFO # 235 err: 15 BER:1/12 >11 False
2017-12-03 23:57:14,816 INFO # 236 err: 15 BER:1/12 >11 False
2017-12-03 23:57:14,817 INFO # 237 err: 15 BER:1/12 >11 False
2017-12-03 23:57:14,818 INFO # 238 err: 15 BER:1/12 >11 False
2017-12-03 23:57:14,824 WARNING BER:1/12 #8
2017-12-03 23:57:14,825 INFO # 239 err: 16 BER:1/12 >8 True
2017-12-03 23:57:14,826 INFO # 240 err: 16 BER:1/12 >8 False
2017-12-03 23:57:14,828 INFO # 241 err: 16 BER:1/12 >8 False
2017-12-03 23:57:14,831 INFO # 242 err: 16 BER:1/12 >8 False
2017-12-03 23:57:14,832 INFO # 243 err: 16 BER:1/12 >8 False
2017-12-03 23:57:14,837 INFO # 244 err: 16 BER:1/12 >8 False
2017-12-03 23:57:14,838 INFO # 245 err: 16 BER:1/12 >8 False
2017-12-03 23:57:14,839 INFO # 246 err: 16 BER:1/12 >8 False
2017-12-03 23:57:14,840 INFO # 247 err: 16 BER:1/12 >8 False
2017-12-03 23:57:14,841 INFO # 248 err: 17 BER:1/12 >8 True
2017-12-03 23:57:14,843 INFO # 249 err: 17 BER:1/12 >8 False
2017-12-03 23:57:14,844 INFO # 250 err: 17 BER:1/12 >8 False
2017-12-03 23:57:14,845 WARNING BER:1/12 #4
2017-12-03 23:57:14,845 INFO # 251 err: 17 BER:1/12 >4 False
2017-12-03 23:57:14,852 INFO # 252 err: 17 BER:1/12 >4 False
2017-12-03 23:57:14,853 INFO # 253 err: 17 BER:1/12 >4 False
2017-12-03 23:57:14,854 INFO # 254 err: 17 BER:1/12 >4 False
2017-12-03 23:57:14,854 INFO # 255 err: 17 BER:1/12 >4 False
2017-12-03 23:57:14,855 INFO # 256 err: 18 BER:1/12 >4 True
2017-12-03 23:58:58,421 WARNING BER:1/12 #5
2017-12-03 23:58:58,423 INFO # 1 err: 0 BER:1/12 >5 False
2017-12-03 23:58:58,423 INFO 15ms delay
2017-12-03 23:58:58,424 INFO # 2 err: 0 BER:1/12 >5 False
2017-12-03 23:58:58,424 INFO 18ms delay
2017-12-03 23:58:58,425 INFO # 3 err: 0 BER:1/12 >5 False
2017-12-03 23:58:58,425 INFO 7ms delay
2017-12-03 23:58:58,426 INFO # 4 err: 0 BER:1/12 >5 False
2017-12-03 23:58:58,427 INFO 20ms delay
2017-12-03 23:58:58,428 INFO # 5 err: 1 BER:1/12 >5 True
2017-12-03 23:58:58,428 INFO 18ms delay
2017-12-03 23:58:58,430 INFO # 6 err: 1 BER:1/12 >5 False
2017-12-03 23:58:58,431 INFO 12ms delay
2017-12-03 23:58:58,431 INFO # 7 err: 1 BER:1/12 >5 False
2017-12-03 23:58:58,432 INFO 21ms delay
2017-12-03 23:58:58,432 INFO # 8 err: 1 BER:1/12 >5 False
2017-12-03 23:58:58,432 INFO 22ms delay
2017-12-03 23:58:58,432 INFO # 9 err: 1 BER:1/12 >5 False
2017-12-03 23:58:58,433 INFO 3ms delay
2017-12-03 23:58:58,433 INFO # 10 err: 1 BER:1/12 >5 False
2017-12-03 23:58:58,433 INFO 17ms delay
2017-12-03 23:58:58,434 WARNING BER:1/12 #1
2017-12-03 23:58:58,435 INFO # 11 err: 1 BER:1/12 >1 False
2017-12-03 23:58:58,435 INFO 1ms delay
2017-12-03 23:58:58,435 INFO # 12 err: 1 BER:1/12 >1 False
2017-12-03 23:58:58,436 INFO 24ms delay
2017-12-03 23:58:58,436 INFO # 13 err: 2 BER:1/12 >1 True
2017-12-03 23:58:58,436 INFO 2ms delay
2017-12-03 23:58:58,437 INFO # 14 err: 2 BER:1/12 >1 False
2017-12-03 23:58:58,437 INFO 0ms delay
2017-12-03 23:58:58,438 INFO # 15 err: 2 BER:1/12 >1 False
2017-12-03 23:58:58,438 INFO 12ms delay
2017-12-03 23:58:58,439 INFO # 16 err: 2 BER:1/12 >1 False
2017-12-03 23:58:58,439 INFO 0ms delay
2017-12-03 23:58:58,439 INFO # 17 err: 2 BER:1/12 >1 False
2017-12-03 23:58:58,440 INFO 8ms delay
2017-12-03 23:58:58,440 INFO # 18 err: 2 BER:1/12 >1 False
2017-12-03 23:58:58,440 INFO 7ms delay
2017-12-03 23:58:58,441 INFO # 19 err: 2 BER:1/12 >1 False
2017-12-03 23:58:58,441 INFO 24ms delay
2017-12-03 23:58:58,441 INFO # 20 err: 2 BER:1/12 >1 False
2017-12-03 23:58:58,442 INFO 20ms delay
2017-12-03 23:58:58,442 INFO # 21 err: 2 BER:1/12 >1 False
2017-12-03 23:58:58,442 INFO 0ms delay
2017-12-03 23:58:58,443 INFO # 22 err: 2 BER:1/12 >1 False
2017-12-03 23:58:58,443 INFO 16ms delay
2017-12-03 23:58:58,444 WARNING BER:1/12 #2
2017-12-03 23:58:58,444 INFO # 23 err: 2 BER:1/12 >2 False
2017-12-03 23:58:58,444 INFO 24ms delay
2017-12-03 23:58:58,445 INFO # 24 err: 2 BER:1/12 >2 False
2017-12-03 23:58:58,445 INFO 3ms delay
2017-12-03 23:58:58,446 INFO # 25 err: 2 BER:1/12 >2 False
2017-12-03 23:58:58,446 INFO 4ms delay
2017-12-03 23:58:58,446 INFO # 26 err: 3 BER:1/12 >2 True
2017-12-03 23:58:58,447 INFO 0ms delay
2017-12-03 23:58:58,447 INFO # 27 err: 3 BER:1/12 >2 False
2017-12-03 23:58:58,447 INFO 6ms delay
2017-12-03 23:58:58,448 INFO # 28 err: 3 BER:1/12 >2 False
2017-12-03 23:58:58,448 INFO 15ms delay
2017-12-03 23:58:58,448 INFO # 29 err: 3 BER:1/12 >2 False
2017-12-03 23:58:58,449 INFO 12ms delay
2017-12-03 23:58:58,449 INFO # 30 err: 3 BER:1/12 >2 False
2017-12-03 23:58:58,450 INFO 18ms delay
2017-12-03 23:58:58,450 INFO # 31 err: 3 BER:1/12 >2 False
2017-12-03 23:58:58,450 INFO 24ms delay
2017-12-03 23:58:58,451 INFO # 32 err: 3 BER:1/12 >2 False
2017-12-03 23:58:58,451 INFO 1ms delay
2017-12-03 23:58:58,451 INFO # 33 err: 3 BER:1/12 >2 False
2017-12-03 23:58:58,452 INFO 16ms delay
2017-12-03 23:58:58,452 INFO # 34 err: 3 BER:1/12 >2 False
2017-12-03 23:58:58,452 INFO 0ms delay
2017-12-03 23:58:58,454 WARNING BER:1/12 #5
2017-12-03 23:58:58,455 INFO # 35 err: 3 BER:1/12 >5 False
2017-12-03 23:58:58,455 INFO 8ms delay
2017-12-03 23:58:58,455 INFO # 36 err: 3 BER:1/12 >5 False
2017-12-03 23:58:58,455 INFO 18ms delay
2017-12-03 23:58:58,456 INFO # 37 err: 3 BER:1/12 >5 False
2017-12-03 23:58:58,456 INFO 4ms delay
2017-12-03 23:58:58,456 INFO # 38 err: 3 BER:1/12 >5 False
2017-12-03 23:58:58,456 INFO 12ms delay
2017-12-03 23:58:58,457 INFO # 39 err: 3 BER:1/12 >5 False
2017-12-03 23:58:58,457 INFO 24ms delay
2017-12-03 23:58:58,457 INFO # 40 err: 3 BER:1/12 >5 False
2017-12-03 23:58:58,457 INFO 2ms delay
2017-12-03 23:58:58,458 INFO # 41 err: 4 BER:1/12 >5 True
2017-12-03 23:58:58,458 INFO 18ms delay
2017-12-03 23:58:58,459 INFO # 42 err: 4 BER:1/12 >5 False
2017-12-03 23:58:58,459 INFO 0ms delay
2017-12-03 23:58:58,460 INFO # 43 err: 4 BER:1/12 >5 False
2017-12-03 23:58:58,460 INFO 19ms delay
2017-12-03 23:58:58,460 INFO # 44 err: 4 BER:1/12 >5 False
2017-12-03 23:58:58,460 INFO 22ms delay
2017-12-03 23:58:58,461 INFO # 45 err: 4 BER:1/12 >5 False
2017-12-03 23:58:58,461 INFO 14ms delay
2017-12-03 23:58:58,461 INFO # 46 err: 4 BER:1/12 >5 False
2017-12-03 23:58:58,461 INFO 13ms delay
2017-12-03 23:58:58,462 WARNING BER:1/12 #2
2017-12-03 23:58:58,463 INFO # 47 err: 4 BER:1/12 >2 False
2017-12-03 23:58:58,463 INFO 12ms delay
2017-12-03 23:58:58,463 INFO # 48 err: 4 BER:1/12 >2 False
2017-12-03 23:58:58,464 INFO 5ms delay
2017-12-03 23:58:58,464 INFO # 49 err: 4 BER:1/12 >2 False
2017-12-03 23:58:58,464 INFO 13ms delay
2017-12-03 23:58:58,465 INFO # 50 err: 5 BER:1/12 >2 True
2017-12-03 23:58:58,465 INFO 21ms delay
2017-12-03 23:58:58,466 INFO # 51 err: 5 BER:1/12 >2 False
2017-12-03 23:58:58,466 INFO 17ms delay
2017-12-03 23:58:58,466 INFO # 52 err: 5 BER:1/12 >2 False
2017-12-03 23:58:58,467 INFO 19ms delay
2017-12-03 23:58:58,467 INFO # 53 err: 5 BER:1/12 >2 False
2017-12-03 23:58:58,467 INFO 23ms delay
2017-12-03 23:58:58,468 INFO # 54 err: 5 BER:1/12 >2 False
2017-12-03 23:58:58,468 INFO 15ms delay
2017-12-03 23:58:58,468 INFO # 55 err: 5 BER:1/12 >2 False
2017-12-03 23:58:58,468 INFO 24ms delay
2017-12-03 23:58:58,469 INFO # 56 err: 5 BER:1/12 >2 False
2017-12-03 23:58:58,469 INFO 1ms delay
2017-12-03 23:58:58,469 INFO # 57 err: 5 BER:1/12 >2 False
2017-12-03 23:58:58,469 INFO 25ms delay
2017-12-03 23:58:58,470 INFO # 58 err: 5 BER:1/12 >2 False
2017-12-03 23:58:58,470 INFO 13ms delay
2017-12-03 23:58:58,470 WARNING BER:1/12 #3
2017-12-03 23:58:58,471 INFO # 59 err: 5 BER:1/12 >3 False
2017-12-03 23:58:58,471 INFO 13ms delay
2017-12-03 23:58:58,471 INFO # 60 err: 5 BER:1/12 >3 False
2017-12-03 23:58:58,472 INFO 15ms delay
2017-12-03 23:58:58,472 INFO # 61 err: 5 BER:1/12 >3 False
2017-12-03 23:58:58,472 INFO 9ms delay
2017-12-03 23:58:58,472 INFO # 62 err: 5 BER:1/12 >3 False
2017-12-03 23:58:58,473 INFO 6ms delay
2017-12-03 23:58:58,473 INFO # 63 err: 6 BER:1/12 >3 True
2017-12-03 23:58:58,473 INFO 12ms delay
2017-12-03 23:58:58,476 INFO # 64 err: 6 BER:1/12 >3 False
2017-12-03 23:58:58,476 INFO 2ms delay
2017-12-03 23:58:58,476 INFO # 65 err: 6 BER:1/12 >3 False
2017-12-03 23:58:58,477 INFO 6ms delay
2017-12-03 23:58:58,477 INFO # 66 err: 6 BER:1/12 >3 False
2017-12-03 23:58:58,477 INFO 8ms delay
2017-12-03 23:58:58,477 INFO # 67 err: 6 BER:1/12 >3 False
2017-12-03 23:58:58,478 INFO 12ms delay
2017-12-03 23:58:58,478 INFO # 68 err: 6 BER:1/12 >3 False
2017-12-03 23:58:58,478 INFO 14ms delay
2017-12-03 23:58:58,478 INFO # 69 err: 6 BER:1/12 >3 False
2017-12-03 23:58:58,479 INFO 25ms delay
2017-12-03 23:58:58,479 INFO # 70 err: 6 BER:1/12 >3 False
2017-12-03 23:58:58,480 INFO 20ms delay
2017-12-03 23:58:58,480 WARNING BER:1/12 #12
2017-12-03 23:58:58,481 INFO # 71 err: 6 BER:1/12 >12 False
2017-12-03 23:58:58,481 INFO 16ms delay
2017-12-03 23:58:58,481 INFO # 72 err: 6 BER:1/12 >12 False
2017-12-03 23:58:58,481 INFO 1ms delay
2017-12-03 23:58:58,482 INFO # 73 err: 6 BER:1/12 >12 False
2017-12-03 23:58:58,482 INFO 10ms delay
2017-12-03 23:58:58,482 INFO # 74 err: 6 BER:1/12 >12 False
2017-12-03 23:58:58,483 INFO 16ms delay
2017-12-03 23:58:58,483 INFO # 75 err: 6 BER:1/12 >12 False
2017-12-03 23:58:58,483 INFO 8ms delay
2017-12-03 23:58:58,483 INFO # 76 err: 6 BER:1/12 >12 False
2017-12-03 23:58:58,484 INFO 2ms delay
2017-12-03 23:58:58,484 INFO # 77 err: 6 BER:1/12 >12 False
2017-12-03 23:58:58,484 INFO 7ms delay
2017-12-03 23:58:58,484 INFO # 78 err: 6 BER:1/12 >12 False
2017-12-03 23:58:58,485 INFO 20ms delay
2017-12-03 23:58:58,485 INFO # 79 err: 6 BER:1/12 >12 False
2017-12-03 23:58:58,485 INFO 17ms delay
2017-12-03 23:58:58,485 INFO # 80 err: 6 BER:1/12 >12 False
2017-12-03 23:58:58,486 INFO 25ms delay
2017-12-03 23:58:58,486 INFO # 81 err: 6 BER:1/12 >12 False
2017-12-03 23:58:58,486 INFO 15ms delay
2017-12-03 23:58:58,487 INFO # 82 err: 6 BER:1/12 >12 False
2017-12-03 23:58:58,487 INFO 11ms delay
2017-12-03 23:58:58,488 WARNING BER:1/12 #7
2017-12-03 23:58:58,488 INFO # 83 err: 6 BER:1/12 >7 False
2017-12-03 23:58:58,488 INFO 24ms delay
2017-12-03 23:58:58,488 INFO # 84 err: 6 BER:1/12 >7 False
2017-12-03 23:58:58,489 INFO 19ms delay
2017-12-03 23:58:58,489 INFO # 85 err: 6 BER:1/12 >7 False
2017-12-03 23:58:58,489 INFO 7ms delay
2017-12-03 23:58:58,489 INFO # 86 err: 6 BER:1/12 >7 False
2017-12-03 23:58:58,490 INFO 23ms delay
2017-12-03 23:58:58,490 INFO # 87 err: 6 BER:1/12 >7 False
2017-12-03 23:58:58,490 INFO 6ms delay
2017-12-03 23:58:58,491 INFO # 88 err: 6 BER:1/12 >7 False
2017-12-03 23:58:58,491 INFO 12ms delay
2017-12-03 23:58:58,491 INFO # 89 err: 6 BER:1/12 >7 False
2017-12-03 23:58:58,491 INFO 11ms delay
2017-12-03 23:58:58,492 INFO # 90 err: 6 BER:1/12 >7 False
2017-12-03 23:58:58,492 INFO 4ms delay
2017-12-03 23:58:58,492 INFO # 91 err: 7 BER:1/12 >7 True
2017-12-03 23:58:58,492 INFO 13ms delay
2017-12-03 23:58:58,493 INFO # 92 err: 7 BER:1/12 >7 False
2017-12-03 23:58:58,493 INFO 7ms delay
2017-12-03 23:58:58,493 INFO # 93 err: 7 BER:1/12 >7 False
2017-12-03 23:58:58,494 INFO 7ms delay
2017-12-03 23:58:58,494 INFO # 94 err: 7 BER:1/12 >7 False
2017-12-03 23:58:58,494 INFO 4ms delay
2017-12-03 23:58:58,496 WARNING BER:1/12 #9
2017-12-03 23:58:58,497 INFO # 95 err: 7 BER:1/12 >9 False
2017-12-03 23:58:58,497 INFO 22ms delay
2017-12-03 23:58:58,497 INFO # 96 err: 7 BER:1/12 >9 False
2017-12-03 23:58:58,498 INFO 12ms delay
2017-12-03 23:58:58,498 INFO # 97 err: 7 BER:1/12 >9 False
2017-12-03 23:58:58,498 INFO 24ms delay
2017-12-03 23:58:58,498 INFO # 98 err: 7 BER:1/12 >9 False
2017-12-03 23:58:58,499 INFO 4ms delay
2017-12-03 23:58:58,499 INFO # 99 err: 7 BER:1/12 >9 False
2017-12-03 23:58:58,499 INFO 4ms delay
2017-12-03 23:58:58,499 INFO # 100 err: 7 BER:1/12 >9 False
2017-12-03 23:58:58,500 INFO 11ms delay
2017-12-03 23:58:58,500 INFO # 101 err: 7 BER:1/12 >9 False
2017-12-03 23:58:58,500 INFO 25ms delay
2017-12-03 23:58:58,501 INFO # 102 err: 7 BER:1/12 >9 False
2017-12-03 23:58:58,501 INFO 4ms delay
2017-12-03 23:58:58,501 INFO # 103 err: 7 BER:1/12 >9 False
2017-12-03 23:58:58,502 INFO 20ms delay
2017-12-03 23:58:58,502 INFO # 104 err: 7 BER:1/12 >9 False
2017-12-03 23:58:58,502 INFO 9ms delay
2017-12-03 23:58:58,502 INFO # 105 err: 8 BER:1/12 >9 True
2017-12-03 23:58:58,503 INFO 9ms delay
2017-12-03 23:58:58,503 INFO # 106 err: 8 BER:1/12 >9 False
2017-12-03 23:58:58,504 INFO 16ms delay
2017-12-03 23:58:58,504 WARNING BER:1/12 #7
2017-12-03 23:58:58,504 INFO # 107 err: 8 BER:1/12 >7 False
2017-12-03 23:58:58,505 INFO 4ms delay
2017-12-03 23:58:58,505 INFO # 108 err: 8 BER:1/12 >7 False
2017-12-03 23:58:58,505 INFO 8ms delay
2017-12-03 23:58:58,505 INFO # 109 err: 8 BER:1/12 >7 False
2017-12-03 23:58:58,506 INFO 25ms delay
2017-12-03 23:58:58,506 INFO # 110 err: 8 BER:1/12 >7 False
2017-12-03 23:58:58,506 INFO 24ms delay
2017-12-03 23:58:58,506 INFO # 111 err: 8 BER:1/12 >7 False
2017-12-03 23:58:58,507 INFO 26ms delay
2017-12-03 23:58:58,507 INFO # 112 err: 8 BER:1/12 >7 False
2017-12-03 23:58:58,507 INFO 23ms delay
2017-12-03 23:58:58,508 INFO # 113 err: 8 BER:1/12 >7 False
2017-12-03 23:58:58,508 INFO 12ms delay
2017-12-03 23:58:58,509 INFO # 114 err: 8 BER:1/12 >7 False
2017-12-03 23:58:58,509 INFO 21ms delay
2017-12-03 23:58:58,509 INFO # 115 err: 9 BER:1/12 >7 True
2017-12-03 23:58:58,509 INFO 0ms delay
2017-12-03 23:58:58,510 INFO # 116 err: 9 BER:1/12 >7 False
2017-12-03 23:58:58,510 INFO 4ms delay
2017-12-03 23:58:58,510 INFO # 117 err: 9 BER:1/12 >7 False
2017-12-03 23:58:58,511 INFO 23ms delay
2017-12-03 23:58:58,511 INFO # 118 err: 9 BER:1/12 >7 False
2017-12-03 23:58:58,511 INFO 3ms delay
2017-12-03 23:58:58,512 WARNING BER:1/12 #9
2017-12-03 23:58:58,512 INFO # 119 err: 9 BER:1/12 >9 False
2017-12-03 23:58:58,513 INFO 4ms delay
2017-12-03 23:58:58,513 INFO # 120 err: 9 BER:1/12 >9 False
2017-12-03 23:58:58,513 INFO 3ms delay
2017-12-03 23:58:58,513 INFO # 121 err: 9 BER:1/12 >9 False
2017-12-03 23:58:58,514 INFO 1ms delay
2017-12-03 23:58:58,514 INFO # 122 err: 9 BER:1/12 >9 False
2017-12-03 23:58:58,514 INFO 9ms delay
2017-12-03 23:58:58,515 INFO # 123 err: 9 BER:1/12 >9 False
2017-12-03 23:58:58,515 INFO 12ms delay
2017-12-03 23:58:58,515 INFO # 124 err: 9 BER:1/12 >9 False
2017-12-03 23:58:58,516 INFO 22ms delay
2017-12-03 23:58:58,516 INFO # 125 err: 9 BER:1/12 >9 False
2017-12-03 23:58:58,516 INFO 6ms delay
2017-12-03 23:58:58,517 INFO # 126 err: 9 BER:1/12 >9 False
2017-12-03 23:58:58,517 INFO 8ms delay
2017-12-03 23:58:58,517 INFO # 127 err: 9 BER:1/12 >9 False
2017-12-03 23:58:58,518 INFO 3ms delay
2017-12-03 23:58:58,518 INFO # 128 err: 9 BER:1/12 >9 False
2017-12-03 23:58:58,518 INFO 26ms delay
2017-12-03 23:58:58,519 INFO # 129 err: 10 BER:1/12 >9 True
2017-12-03 23:58:58,519 INFO 15ms delay
2017-12-03 23:58:58,520 INFO # 130 err: 10 BER:1/12 >9 False
2017-12-03 23:58:58,520 INFO 19ms delay
2017-12-03 23:58:58,521 WARNING BER:1/12 #12
2017-12-03 23:58:58,521 INFO # 131 err: 10 BER:1/12 >12 False
2017-12-03 23:58:58,521 INFO 20ms delay
2017-12-03 23:58:58,521 INFO # 132 err: 10 BER:1/12 >12 False
2017-12-03 23:58:58,522 INFO 1ms delay
2017-12-03 23:58:58,522 INFO # 133 err: 10 BER:1/12 >12 False
2017-12-03 23:58:58,522 INFO 1ms delay
2017-12-03 23:58:58,523 INFO # 134 err: 10 BER:1/12 >12 False
2017-12-03 23:58:58,523 INFO 26ms delay
2017-12-03 23:58:58,523 INFO # 135 err: 10 BER:1/12 >12 False
2017-12-03 23:58:58,523 INFO 15ms delay
2017-12-03 23:58:58,524 INFO # 136 err: 10 BER:1/12 >12 False
2017-12-03 23:58:58,524 INFO 9ms delay
2017-12-03 23:58:58,524 INFO # 137 err: 10 BER:1/12 >12 False
2017-12-03 23:58:58,524 INFO 22ms delay
2017-12-03 23:58:58,525 INFO # 138 err: 10 BER:1/12 >12 False
2017-12-03 23:58:58,525 INFO 3ms delay
2017-12-03 23:58:58,525 INFO # 139 err: 10 BER:1/12 >12 False
2017-12-03 23:58:58,525 INFO 26ms delay
2017-12-03 23:58:58,526 INFO # 140 err: 10 BER:1/12 >12 False
2017-12-03 23:58:58,526 INFO 25ms delay
2017-12-03 23:58:58,526 INFO # 141 err: 10 BER:1/12 >12 False
2017-12-03 23:58:58,527 INFO 20ms delay
2017-12-03 23:58:58,528 INFO # 142 err: 10 BER:1/12 >12 False
2017-12-03 23:58:58,530 INFO 22ms delay
2017-12-03 23:58:58,533 WARNING BER:1/12 #11
2017-12-03 23:58:58,533 INFO # 143 err: 10 BER:1/12 >11 False
2017-12-03 23:58:58,534 INFO 21ms delay
2017-12-03 23:58:58,534 INFO # 144 err: 10 BER:1/12 >11 False
2017-12-03 23:58:58,535 INFO 26ms delay
2017-12-03 23:58:58,536 INFO # 145 err: 10 BER:1/12 >11 False
2017-12-03 23:58:58,536 INFO 3ms delay
2017-12-03 23:58:58,536 INFO # 146 err: 10 BER:1/12 >11 False
2017-12-03 23:58:58,537 INFO 21ms delay
2017-12-03 23:58:58,537 INFO # 147 err: 10 BER:1/12 >11 False
2017-12-03 23:58:58,537 INFO 18ms delay
2017-12-03 23:58:58,538 INFO # 148 err: 10 BER:1/12 >11 False
2017-12-03 23:58:58,538 INFO 2ms delay
2017-12-03 23:58:58,539 INFO # 149 err: 10 BER:1/12 >11 False
2017-12-03 23:58:58,539 INFO 15ms delay
2017-12-03 23:58:58,540 INFO # 150 err: 10 BER:1/12 >11 False
2017-12-03 23:58:58,540 INFO 17ms delay
2017-12-03 23:58:58,540 INFO # 151 err: 10 BER:1/12 >11 False
2017-12-03 23:58:58,540 INFO 9ms delay
2017-12-03 23:58:58,541 INFO # 152 err: 10 BER:1/12 >11 False
2017-12-03 23:58:58,541 INFO 22ms delay
2017-12-03 23:58:58,541 INFO # 153 err: 10 BER:1/12 >11 False
2017-12-03 23:58:58,542 INFO 25ms delay
2017-12-03 23:58:58,542 INFO # 154 err: 10 BER:1/12 >11 False
2017-12-03 23:58:58,542 INFO 6ms delay
2017-12-03 23:58:58,543 WARNING BER:1/12 #9
2017-12-03 23:58:58,543 INFO # 155 err: 11 BER:1/12 >9 True
2017-12-03 23:58:58,543 INFO 21ms delay
2017-12-03 23:58:58,544 INFO # 156 err: 11 BER:1/12 >9 False
2017-12-03 23:58:58,544 INFO 6ms delay
2017-12-03 23:58:58,545 INFO # 157 err: 11 BER:1/12 >9 False
2017-12-03 23:58:58,545 INFO 23ms delay
2017-12-03 23:58:58,545 INFO # 158 err: 11 BER:1/12 >9 False
2017-12-03 23:58:58,545 INFO 20ms delay
2017-12-03 23:58:58,546 INFO # 159 err: 11 BER:1/12 >9 False
2017-12-03 23:58:58,546 INFO 8ms delay
2017-12-03 23:58:58,546 INFO # 160 err: 11 BER:1/12 >9 False
2017-12-03 23:58:58,547 INFO 7ms delay
2017-12-03 23:58:58,547 INFO # 161 err: 11 BER:1/12 >9 False
2017-12-03 23:58:58,547 INFO 15ms delay
2017-12-03 23:58:58,548 INFO # 162 err: 11 BER:1/12 >9 False
2017-12-03 23:58:58,548 INFO 23ms delay
2017-12-03 23:58:58,548 INFO # 163 err: 11 BER:1/12 >9 False
2017-12-03 23:58:58,548 INFO 16ms delay
2017-12-03 23:58:58,549 INFO # 164 err: 11 BER:1/12 >9 False
2017-12-03 23:58:58,549 INFO 6ms delay
2017-12-03 23:58:58,550 INFO # 165 err: 12 BER:1/12 >9 True
2017-12-03 23:58:58,550 INFO 21ms delay
2017-12-03 23:58:58,551 INFO # 166 err: 12 BER:1/12 >9 False
2017-12-03 23:58:58,551 INFO 17ms delay
2017-12-03 23:58:58,552 WARNING BER:1/12 #9
2017-12-03 23:58:58,552 INFO # 167 err: 12 BER:1/12 >9 False
2017-12-03 23:58:58,553 INFO 8ms delay
2017-12-03 23:58:58,553 INFO # 168 err: 12 BER:1/12 >9 False
2017-12-03 23:58:58,553 INFO 5ms delay
2017-12-03 23:58:58,554 INFO # 169 err: 12 BER:1/12 >9 False
2017-12-03 23:58:58,554 INFO 18ms delay
2017-12-03 23:58:58,556 INFO # 170 err: 12 BER:1/12 >9 False
2017-12-03 23:58:58,556 INFO 23ms delay
2017-12-03 23:58:58,556 INFO # 171 err: 12 BER:1/12 >9 False
2017-12-03 23:58:58,556 INFO 3ms delay
2017-12-03 23:58:58,557 INFO # 172 err: 12 BER:1/12 >9 False
2017-12-03 23:58:58,558 INFO 11ms delay
2017-12-03 23:58:58,558 INFO # 173 err: 12 BER:1/12 >9 False
2017-12-03 23:58:58,558 INFO 22ms delay
2017-12-03 23:58:58,558 INFO # 174 err: 12 BER:1/12 >9 False
2017-12-03 23:58:58,559 INFO 18ms delay
2017-12-03 23:58:58,560 INFO # 175 err: 12 BER:1/12 >9 False
2017-12-03 23:58:58,560 INFO 22ms delay
2017-12-03 23:58:58,560 INFO # 176 err: 12 BER:1/12 >9 False
2017-12-03 23:58:58,560 INFO 15ms delay
2017-12-03 23:58:58,561 INFO # 177 err: 13 BER:1/12 >9 True
2017-12-03 23:58:58,561 INFO 19ms delay
2017-12-03 23:58:58,562 INFO # 178 err: 13 BER:1/12 >9 False
2017-12-03 23:58:58,562 INFO 19ms delay
2017-12-03 23:58:58,562 WARNING BER:1/12 #9
2017-12-03 23:58:58,563 INFO # 179 err: 13 BER:1/12 >9 False
2017-12-03 23:58:58,563 INFO 11ms delay
2017-12-03 23:58:58,564 INFO # 180 err: 13 BER:1/12 >9 False
2017-12-03 23:58:58,564 INFO 20ms delay
2017-12-03 23:58:58,565 INFO # 181 err: 13 BER:1/12 >9 False
2017-12-03 23:58:58,565 INFO 18ms delay
2017-12-03 23:58:58,566 INFO # 182 err: 13 BER:1/12 >9 False
2017-12-03 23:58:58,566 INFO 18ms delay
2017-12-03 23:58:58,566 INFO # 183 err: 13 BER:1/12 >9 False
2017-12-03 23:58:58,566 INFO 19ms delay
2017-12-03 23:58:58,567 INFO # 184 err: 13 BER:1/12 >9 False
2017-12-03 23:58:58,567 INFO 16ms delay
2017-12-03 23:58:58,567 INFO # 185 err: 13 BER:1/12 >9 False
2017-12-03 23:58:58,567 INFO 24ms delay
2017-12-03 23:58:58,568 INFO # 186 err: 13 BER:1/12 >9 False
2017-12-03 23:58:58,568 INFO 14ms delay
2017-12-03 23:58:58,569 INFO # 187 err: 13 BER:1/12 >9 False
2017-12-03 23:58:58,569 INFO 15ms delay
2017-12-03 23:58:58,569 INFO # 188 err: 13 BER:1/12 >9 False
2017-12-03 23:58:58,570 INFO 23ms delay
2017-12-03 23:58:58,570 INFO # 189 err: 14 BER:1/12 >9 True
2017-12-03 23:58:58,570 INFO 26ms delay
2017-12-03 23:58:58,572 INFO # 190 err: 14 BER:1/12 >9 False
2017-12-03 23:58:58,572 INFO 3ms delay
2017-12-03 23:58:58,573 WARNING BER:1/12 #8
2017-12-03 23:58:58,573 INFO # 191 err: 14 BER:1/12 >8 False
2017-12-03 23:58:58,573 INFO 3ms delay
2017-12-03 23:58:58,573 INFO # 192 err: 14 BER:1/12 >8 False
2017-12-03 23:58:58,574 INFO 11ms delay
2017-12-03 23:58:58,574 INFO # 193 err: 14 BER:1/12 >8 False
2017-12-03 23:58:58,574 INFO 9ms delay
2017-12-03 23:58:58,575 INFO # 194 err: 14 BER:1/12 >8 False
2017-12-03 23:58:58,575 INFO 7ms delay
2017-12-03 23:58:58,575 INFO # 195 err: 14 BER:1/12 >8 False
2017-12-03 23:58:58,575 INFO 5ms delay
2017-12-03 23:58:58,576 INFO # 196 err: 14 BER:1/12 >8 False
2017-12-03 23:58:58,576 INFO 14ms delay
2017-12-03 23:58:58,576 INFO # 197 err: 14 BER:1/12 >8 False
2017-12-03 23:58:58,576 INFO 21ms delay
2017-12-03 23:58:58,577 INFO # 198 err: 14 BER:1/12 >8 False
2017-12-03 23:58:58,577 INFO 1ms delay
2017-12-03 23:58:58,577 INFO # 199 err: 14 BER:1/12 >8 False
2017-12-03 23:58:58,577 INFO 26ms delay
2017-12-03 23:58:58,578 INFO # 200 err: 15 BER:1/12 >8 True
2017-12-03 23:58:58,578 INFO 8ms delay
2017-12-03 23:58:58,579 INFO # 201 err: 15 BER:1/12 >8 False
2017-12-03 23:58:58,580 INFO 11ms delay
2017-12-03 23:58:58,580 INFO # 202 err: 15 BER:1/12 >8 False
2017-12-03 23:58:58,580 INFO 22ms delay
2017-12-03 23:58:58,582 WARNING BER:1/12 #9
2017-12-03 23:58:58,583 INFO # 203 err: 15 BER:1/12 >9 False
2017-12-03 23:58:58,583 INFO 11ms delay
2017-12-03 23:58:58,583 INFO # 204 err: 15 BER:1/12 >9 False
2017-12-03 23:58:58,584 INFO 26ms delay
2017-12-03 23:58:58,584 INFO # 205 err: 15 BER:1/12 >9 False
2017-12-03 23:58:58,584 INFO 9ms delay
2017-12-03 23:58:58,584 INFO # 206 err: 15 BER:1/12 >9 False
2017-12-03 23:58:58,585 INFO 1ms delay
2017-12-03 23:58:58,585 INFO # 207 err: 15 BER:1/12 >9 False
2017-12-03 23:58:58,585 INFO 12ms delay
2017-12-03 23:58:58,586 INFO # 208 err: 15 BER:1/12 >9 False
2017-12-03 23:58:58,586 INFO 8ms delay
2017-12-03 23:58:58,586 INFO # 209 err: 15 BER:1/12 >9 False
2017-12-03 23:58:58,586 INFO 7ms delay
2017-12-03 23:58:58,587 INFO # 210 err: 15 BER:1/12 >9 False
2017-12-03 23:58:58,587 INFO 17ms delay
2017-12-03 23:58:58,588 INFO # 211 err: 15 BER:1/12 >9 False
2017-12-03 23:58:58,588 INFO 14ms delay
2017-12-03 23:58:58,588 INFO # 212 err: 15 BER:1/12 >9 False
2017-12-03 23:58:58,589 INFO 7ms delay
2017-12-03 23:58:58,589 INFO # 213 err: 16 BER:1/12 >9 True
2017-12-03 23:58:58,590 INFO 23ms delay
2017-12-03 23:58:58,590 INFO # 214 err: 16 BER:1/12 >9 False
2017-12-03 23:58:58,590 INFO 21ms delay
2017-12-03 23:58:58,593 WARNING BER:1/12 #1
2017-12-03 23:58:58,593 INFO # 215 err: 16 BER:1/12 >1 False
2017-12-03 23:58:58,594 INFO 9ms delay
2017-12-03 23:58:58,594 INFO # 216 err: 16 BER:1/12 >1 False
2017-12-03 23:58:58,594 INFO 24ms delay
2017-12-03 23:58:58,594 INFO # 217 err: 17 BER:1/12 >1 True
2017-12-03 23:58:58,595 INFO 25ms delay
2017-12-03 23:58:58,595 INFO # 218 err: 17 BER:1/12 >1 False
2017-12-03 23:58:58,596 INFO 16ms delay
2017-12-03 23:58:58,596 INFO # 219 err: 17 BER:1/12 >1 False
2017-12-03 23:58:58,597 INFO 23ms delay
2017-12-03 23:58:58,598 INFO # 220 err: 17 BER:1/12 >1 False
2017-12-03 23:58:58,598 INFO 21ms delay
2017-12-03 23:58:58,599 INFO # 221 err: 17 BER:1/12 >1 False
2017-12-03 23:58:58,599 INFO 23ms delay
2017-12-03 23:58:58,599 INFO # 222 err: 17 BER:1/12 >1 False
2017-12-03 23:58:58,599 INFO 12ms delay
2017-12-03 23:58:58,600 INFO # 223 err: 17 BER:1/12 >1 False
2017-12-03 23:58:58,600 INFO 17ms delay
2017-12-03 23:58:58,600 INFO # 224 err: 17 BER:1/12 >1 False
2017-12-03 23:58:58,601 INFO 16ms delay
2017-12-03 23:58:58,601 INFO # 225 err: 17 BER:1/12 >1 False
2017-12-03 23:58:58,601 INFO 20ms delay
2017-12-03 23:58:58,603 INFO # 226 err: 17 BER:1/12 >1 False
2017-12-03 23:58:58,604 INFO 12ms delay
2017-12-03 23:58:58,604 WARNING BER:1/12 #10
2017-12-03 23:58:58,604 INFO # 227 err: 17 BER:1/12 >10 False
2017-12-03 23:58:58,605 INFO 9ms delay
2017-12-03 23:58:58,605 INFO # 228 err: 17 BER:1/12 >10 False
2017-12-03 23:58:58,606 INFO 9ms delay
2017-12-03 23:58:58,606 INFO # 229 err: 17 BER:1/12 >10 False
2017-12-03 23:58:58,606 INFO 17ms delay
2017-12-03 23:58:58,606 INFO # 230 err: 17 BER:1/12 >10 False
2017-12-03 23:58:58,607 INFO 4ms delay
2017-12-03 23:58:58,608 INFO # 231 err: 17 BER:1/12 >10 False
2017-12-03 23:58:58,608 INFO 25ms delay
2017-12-03 23:58:58,609 INFO # 232 err: 17 BER:1/12 >10 False
2017-12-03 23:58:58,609 INFO 12ms delay
2017-12-03 23:58:58,609 INFO # 233 err: 17 BER:1/12 >10 False
2017-12-03 23:58:58,609 INFO 26ms delay
2017-12-03 23:58:58,610 INFO # 234 err: 17 BER:1/12 >10 False
2017-12-03 23:58:58,610 INFO 22ms delay
2017-12-03 23:58:58,610 INFO # 235 err: 17 BER:1/12 >10 False
2017-12-03 23:58:58,611 INFO 6ms delay
2017-12-03 23:58:58,611 INFO # 236 err: 17 BER:1/12 >10 False
2017-12-03 23:58:58,611 INFO 13ms delay
2017-12-03 23:58:58,611 INFO # 237 err: 17 BER:1/12 >10 False
2017-12-03 23:58:58,612 INFO 16ms delay
2017-12-03 23:58:58,612 INFO # 238 err: 18 BER:1/12 >10 True
2017-12-03 23:58:58,612 INFO 18ms delay
2017-12-03 23:58:58,615 WARNING BER:1/12 #7
2017-12-03 23:58:58,615 INFO # 239 err: 18 BER:1/12 >7 False
2017-12-03 23:58:58,616 INFO 9ms delay
2017-12-03 23:58:58,617 INFO # 240 err: 18 BER:1/12 >7 False
2017-12-03 23:58:58,617 INFO 10ms delay
2017-12-03 23:58:58,617 INFO # 241 err: 18 BER:1/12 >7 False
2017-12-03 23:58:58,617 INFO 18ms delay
2017-12-03 23:58:58,618 INFO # 242 err: 18 BER:1/12 >7 False
2017-12-03 23:58:58,618 INFO 20ms delay
2017-12-03 23:58:58,618 INFO # 243 err: 18 BER:1/12 >7 False
2017-12-03 23:58:58,619 INFO 20ms delay
2017-12-03 23:58:58,619 INFO # 244 err: 18 BER:1/12 >7 False
2017-12-03 23:58:58,619 INFO 9ms delay
2017-12-03 23:58:58,619 INFO # 245 err: 18 BER:1/12 >7 False
2017-12-03 23:58:58,620 INFO 4ms delay
2017-12-03 23:58:58,620 INFO # 246 err: 18 BER:1/12 >7 False
2017-12-03 23:58:58,620 INFO 14ms delay
2017-12-03 23:58:58,620 INFO # 247 err: 19 BER:1/12 >7 True
2017-12-03 23:58:58,621 INFO 23ms delay
2017-12-03 23:58:58,621 INFO # 248 err: 19 BER:1/12 >7 False
2017-12-03 23:58:58,622 INFO 15ms delay
2017-12-03 23:58:58,622 INFO # 249 err: 19 BER:1/12 >7 False
2017-12-03 23:58:58,622 INFO 1ms delay
2017-12-03 23:58:58,623 INFO # 250 err: 19 BER:1/12 >7 False
2017-12-03 23:58:58,623 INFO 15ms delay
2017-12-03 23:58:58,625 WARNING BER:1/12 #3
2017-12-03 23:58:58,626 INFO # 251 err: 19 BER:1/12 >3 False
2017-12-03 23:58:58,627 INFO 11ms delay
2017-12-03 23:58:58,627 INFO # 252 err: 19 BER:1/12 >3 False
2017-12-03 23:58:58,633 INFO 12ms delay
2017-12-03 23:58:58,634 INFO # 253 err: 19 BER:1/12 >3 False
2017-12-03 23:58:58,634 INFO 8ms delay
2017-12-03 23:58:58,635 INFO # 254 err: 19 BER:1/12 >3 False
2017-12-03 23:58:58,635 INFO 14ms delay
2017-12-03 23:58:58,635 INFO # 255 err: 20 BER:1/12 >3 True
2017-12-03 23:58:58,636 INFO 8ms delay
2017-12-03 23:58:58,636 INFO # 256 err: 20 BER:1/12 >3 False
2017-12-03 23:58:58,637 INFO 8ms delay
